2025-10-28 15:31:38,405 [INFO] Activator:176 - 


2025-10-28 15:31:38,406 [INFO] Activator:177 - !SESSION log4j initialized
2025-10-28 15:31:39,253 [INFO] LogOutputStream:77 - [STDOUT_REDIRECT] 
2025-10-28 15:31:39,477 [ERROR] ConfigurationRetriever:142 - IOException on connection: sw-center.st.com
2025-10-28 15:31:39,477 [ERROR] ConfigurationRetriever:142 - IOException on connection: sw-center.st.com
2025-10-28 15:31:39,478 [ERROR] ConfigurationRetriever:142 - IOException on connection: sw-center.st.com
2025-10-28 15:31:41,317 [INFO] ApplicationProperties:184 - Using Application install path: /opt/st/stm32cubeide_1.19.0/plugins/com.st.stm32cube.common.mx_6.15.0.202507011659
2025-10-28 15:31:41,329 [INFO] DbMcusXml:78 - Set database path to: /opt/st/stm32cubeide_1.19.0/plugins/com.st.stm32cube.common.mx_6.15.0.202507011659//db//mcu/
2025-10-28 15:31:41,329 [INFO] ApiDb:274 - Set plugin database path to: /opt/st/stm32cubeide_1.19.0/plugins/com.st.stm32cube.common.mx_6.15.0.202507011659//db//plugins/boardmanager/
2025-10-28 15:31:41,330 [WARN] ApiDb:259 - Overriding images path with different value:  => /opt/st/stm32cubeide_1.19.0/plugins/com.st.stm32cube.common.mx_6.15.0.202507011659//db//plugins/mcufinder/images/
2025-10-28 15:31:41,332 [INFO] ApiDb:250 - Set database path to: /home/pedro-bittencourt/.stmcufinder/plugins/mcufinder//mcu/
2025-10-28 15:31:41,333 [INFO] DbMcusAds:125 - Set database path to: /home/pedro-bittencourt/.stmcufinder/plugins/mcufinder//mcu/
2025-10-28 15:31:41,335 [INFO] CrossReferenceDbSqlite:203 - Set database path to: /home/pedro-bittencourt/.stmcufinder/plugins/mcufinder//mcu/cs/
2025-10-28 15:31:41,438 [INFO] RulesReader:64 - Compatibility file has been processed (317 Rules)
2025-10-28 15:31:41,498 [INFO] DbMcusXml:78 - Set database path to: /opt/st/stm32cubeide_1.19.0/plugins/com.st.stm32cube.common.mx_6.15.0.202507011659//db//mcu/
2025-10-28 15:31:41,498 [INFO] ApiDb:274 - Set plugin database path to: /opt/st/stm32cubeide_1.19.0/plugins/com.st.stm32cube.common.mx_6.15.0.202507011659//db//plugins/boardmanager/
2025-10-28 15:31:41,499 [INFO] ApiDb:261 - Set plugin images path to: /opt/st/stm32cubeide_1.19.0/plugins/com.st.stm32cube.common.mx_6.15.0.202507011659//db//plugins/mcufinder/images/
2025-10-28 15:31:41,499 [WARN] DbFile:41 - Overriding database path with different value: /home/pedro-bittencourt/.stmcufinder/plugins/mcufinder/ => /home/pedro-bittencourt/.stmcufinder/plugins/mcufinder
2025-10-28 15:31:41,499 [INFO] ApiDb:250 - Set database path to: /home/pedro-bittencourt/.stmcufinder/plugins/mcufinder//mcu/
2025-10-28 15:31:41,499 [WARN] DbFile:41 - Overriding database path with different value: /home/pedro-bittencourt/.stmcufinder/plugins/mcufinder/ => /home/pedro-bittencourt/.stmcufinder/plugins/mcufinder
2025-10-28 15:31:41,499 [INFO] DbMcusAds:125 - Set database path to: /home/pedro-bittencourt/.stmcufinder/plugins/mcufinder//mcu/
2025-10-28 15:31:41,499 [WARN] DbFile:41 - Overriding database path with different value: /home/pedro-bittencourt/.stmcufinder/plugins/mcufinder/ => /home/pedro-bittencourt/.stmcufinder/plugins/mcufinder
2025-10-28 15:31:41,499 [WARN] DbFile:41 - Overriding database path with different value: /home/pedro-bittencourt/.stmcufinder/plugins/mcufinder/ => /home/pedro-bittencourt/.stmcufinder/plugins/mcufinder
2025-10-28 15:31:41,500 [INFO] CrossReferenceDbSqlite:203 - Set database path to: /home/pedro-bittencourt/.stmcufinder/plugins/mcufinder//mcu/cs/
2025-10-28 15:31:41,564 [INFO] MainPanel:274 - HeapMemory: 268435456
2025-10-28 15:31:41,682 [INFO] DbMcusXml:78 - Set database path to: /opt/st/stm32cubeide_1.19.0/plugins/com.st.stm32cube.common.mx_6.15.0.202507011659//db//mcu/
2025-10-28 15:31:41,682 [INFO] ApiDb:274 - Set plugin database path to: /opt/st/stm32cubeide_1.19.0/plugins/com.st.stm32cube.common.mx_6.15.0.202507011659//db//plugins/boardmanager/
2025-10-28 15:31:41,682 [INFO] ApiDb:261 - Set plugin images path to: /opt/st/stm32cubeide_1.19.0/plugins/com.st.stm32cube.common.mx_6.15.0.202507011659//db//plugins/mcufinder/images/
2025-10-28 15:31:41,682 [WARN] DbFile:41 - Overriding database path with different value: /home/pedro-bittencourt/.stmcufinder/plugins/mcufinder/ => /home/pedro-bittencourt/.stmcufinder/plugins/mcufinder
2025-10-28 15:31:41,683 [INFO] ApiDb:250 - Set database path to: /home/pedro-bittencourt/.stmcufinder/plugins/mcufinder//mcu/
2025-10-28 15:31:41,683 [WARN] DbFile:41 - Overriding database path with different value: /home/pedro-bittencourt/.stmcufinder/plugins/mcufinder/ => /home/pedro-bittencourt/.stmcufinder/plugins/mcufinder
2025-10-28 15:31:41,683 [INFO] DbMcusAds:125 - Set database path to: /home/pedro-bittencourt/.stmcufinder/plugins/mcufinder//mcu/
2025-10-28 15:31:41,683 [WARN] DbFile:41 - Overriding database path with different value: /home/pedro-bittencourt/.stmcufinder/plugins/mcufinder/ => /home/pedro-bittencourt/.stmcufinder/plugins/mcufinder
2025-10-28 15:31:41,683 [WARN] DbFile:41 - Overriding database path with different value: /home/pedro-bittencourt/.stmcufinder/plugins/mcufinder/ => /home/pedro-bittencourt/.stmcufinder/plugins/mcufinder
2025-10-28 15:31:41,683 [INFO] CrossReferenceDbSqlite:203 - Set database path to: /home/pedro-bittencourt/.stmcufinder/plugins/mcufinder//mcu/cs/
2025-10-28 15:31:41,698 [INFO] ApplicationProperties:184 - Using Application install path: /opt/st/stm32cubeide_1.19.0/plugins/com.st.stm32cube.common.mx_6.15.0.202507011659
2025-10-28 15:31:41,700 [INFO] PluginManage:196 - Search for loadable plugins [exclusion list=, ]
2025-10-28 15:31:41,701 [INFO] PluginManage:310 - Check plugin analytics
2025-10-28 15:31:41,866 [INFO] AnalyticsPlugin:253 - Accepted Software Licenses: 
2025-10-28 15:31:41,867 [INFO] AnalyticsPlugin:255 - Accepted CMSIS Pack Licenses: 
2025-10-28 15:31:41,867 [INFO] AnalyticsPlugin:257 - Accepted Firmware Licenses: FW.U5.1.8.0,FW.F4.1.28.0,FW.G4.1.6.0,FW.U5.1.6.0
2025-10-28 15:31:41,869 [INFO] PluginManage:359 - Loaded plugin analytics (category:tool,tabindex:-1)
2025-10-28 15:31:41,869 [INFO] PluginManage:310 - Check plugin cadmodel
2025-10-28 15:31:41,869 [ERROR] ConfigurationRetriever:142 - IOException on connection: sw-center.st.com
2025-10-28 15:31:41,870 [ERROR] ConfigurationRetriever:142 - IOException on connection: sw-center.st.com
2025-10-28 15:31:41,871 [ERROR] ConfigurationRetriever:142 - IOException on connection: sw-center.st.com
2025-10-28 15:31:41,872 [INFO] CADModel:105 - Init CAD model plugin
2025-10-28 15:31:41,872 [INFO] PluginManage:359 - Loaded plugin cadmodel (category:power,tabindex:5)
2025-10-28 15:31:41,873 [INFO] PluginManage:310 - Check plugin clock
2025-10-28 15:31:41,879 [INFO] PluginManage:359 - Loaded plugin clock (category:base,tabindex:2)
2025-10-28 15:31:41,880 [INFO] PluginManage:310 - Check plugin ddr
2025-10-28 15:31:41,881 [INFO] PluginManage:359 - Loaded plugin ddr (category:tool,tabindex:6)
2025-10-28 15:31:41,881 [INFO] PluginManage:310 - Check plugin filemanager
2025-10-28 15:31:42,017 [INFO] PluginManage:359 - Loaded plugin filemanager (category:base,tabindex:10)
2025-10-28 15:31:42,018 [INFO] PluginManage:310 - Check plugin ipmanager
2025-10-28 15:31:42,024 [INFO] PluginManage:359 - Loaded plugin ipmanager (category:base,tabindex:5)
2025-10-28 15:31:42,024 [INFO] PluginManage:310 - Check plugin lpbam
2025-10-28 15:31:42,035 [INFO] PluginManage:359 - Loaded plugin lpbam (category:base,tabindex:0)
2025-10-28 15:31:42,036 [INFO] PluginManage:310 - Check plugin memorymap
2025-10-28 15:31:42,050 [INFO] PluginManage:359 - Loaded plugin memorymap (category:base,tabindex:4)
2025-10-28 15:31:42,050 [INFO] PluginManage:310 - Check plugin pinoutandconfiguration
2025-10-28 15:31:42,058 [INFO] PluginManage:359 - Loaded plugin pinoutandconfiguration (category:base,tabindex:1)
2025-10-28 15:31:42,058 [INFO] PluginManage:310 - Check plugin pinoutconfig
2025-10-28 15:31:42,186 [WARN] SupportedApi:132 - Cannot load RTOS API schema: s4s-elt-must-match.1: The content of 'definitions' must match (annotation?, (simpleType | complexType)?, (unique | key | keyref)*)). A problem was found starting at: attribute.
2025-10-28 15:31:42,348 [INFO] PluginManage:359 - Loaded plugin pinoutconfig (category:base,tabindex:0)
2025-10-28 15:31:42,349 [INFO] PluginManage:310 - Check plugin power
2025-10-28 15:31:42,357 [INFO] PluginManage:359 - Loaded plugin power (category:power,tabindex:4)
2025-10-28 15:31:42,358 [INFO] PluginManage:310 - Check plugin projectmanager
2025-10-28 15:31:42,375 [INFO] PluginManage:359 - Loaded plugin projectmanager (category:projectmanager,tabindex:4)
2025-10-28 15:31:42,376 [INFO] PluginManage:310 - Check plugin rif
2025-10-28 15:31:42,382 [INFO] PluginManage:359 - Loaded plugin rif (category:base,tabindex:3)
2025-10-28 15:31:42,383 [INFO] PluginManage:310 - Check plugin thirdparty
2025-10-28 15:31:42,503 [INFO] PluginManage:359 - Loaded plugin thirdparty (category:base,tabindex:-1)
2025-10-28 15:31:42,503 [WARN] IntegrityCheckThread:84 - waiting for thirdparty lock release [integrity check]
2025-10-28 15:31:42,504 [INFO] PluginManage:310 - Check plugin tools
2025-10-28 15:31:42,504 [INFO] IntegrityCheckThread:86 - entering critical section [integrity check]
2025-10-28 15:31:42,505 [INFO] ThirdPartyUpdaterWithRetryManager:70 - Updater plugin not ready yet. [1/15]
2025-10-28 15:31:42,507 [INFO] PluginManage:359 - Loaded plugin tools (category:base,tabindex:7)
2025-10-28 15:31:42,507 [INFO] PluginManage:310 - Check plugin tutovideos
2025-10-28 15:31:42,670 [INFO] PluginManage:359 - Loaded plugin tutovideos (category:base,tabindex:-1)
2025-10-28 15:31:42,670 [INFO] PluginManage:310 - Check plugin updater
2025-10-28 15:31:42,690 [INFO] PluginManage:359 - Loaded plugin updater (category:base,tabindex:12)
2025-10-28 15:31:42,691 [INFO] PluginManage:310 - Check plugin userauth
2025-10-28 15:31:42,694 [INFO] UserAuth:118 - Init User Auth plugin
2025-10-28 15:31:42,695 [INFO] PluginManage:359 - Loaded plugin userauth (category:base,tabindex:14)
2025-10-28 15:31:42,695 [INFO] PluginManage:283 - PluginManage : Loaded plugins [18]
2025-10-28 15:31:42,843 [INFO] PinOutPanel:1589 - setPackage(No Configuration,No Configuration)
2025-10-28 15:31:42,900 [INFO] CADModel:165 - CPN selected for project level
2025-10-28 15:31:42,900 [INFO] CADModel:114 - Register for checkConnection events
2025-10-28 15:31:42,910 [INFO] IPUIPlugin:80 - create IPUIPlugin
2025-10-28 15:31:42,910 [INFO] PluginManager:220 - loadIPPluginJar : add mdma
2025-10-28 15:31:42,913 [INFO] IPUIPlugin:80 - create IPUIPlugin
2025-10-28 15:31:42,913 [INFO] PluginManager:220 - loadIPPluginJar : add tim
2025-10-28 15:31:42,917 [INFO] IPUIPlugin:80 - create IPUIPlugin
2025-10-28 15:31:42,917 [INFO] PluginManager:220 - loadIPPluginJar : add lorawan
2025-10-28 15:31:42,921 [INFO] IPUIPlugin:80 - create IPUIPlugin
2025-10-28 15:31:42,921 [INFO] PluginManager:220 - loadIPPluginJar : add resmgrutility
2025-10-28 15:31:42,926 [INFO] IPUIPlugin:80 - create IPUIPlugin
2025-10-28 15:31:42,926 [INFO] PluginManager:220 - loadIPPluginJar : add stm32_wpan
2025-10-28 15:31:42,928 [INFO] IPUIPlugin:80 - create IPUIPlugin
2025-10-28 15:31:42,928 [INFO] PluginManager:220 - loadIPPluginJar : add radio
2025-10-28 15:31:42,930 [INFO] IPUIPlugin:80 - create IPUIPlugin
2025-10-28 15:31:42,930 [INFO] PluginManager:220 - loadIPPluginJar : add usart
2025-10-28 15:31:42,932 [INFO] IPUIPlugin:80 - create IPUIPlugin
2025-10-28 15:31:42,932 [INFO] PluginManager:220 - loadIPPluginJar : add ddr_ctrl_phy
2025-10-28 15:31:42,936 [INFO] IPUIPlugin:80 - create IPUIPlugin
2025-10-28 15:31:42,936 [INFO] PluginManager:220 - loadIPPluginJar : add gic
2025-10-28 15:31:42,938 [INFO] IPUIPlugin:80 - create IPUIPlugin
2025-10-28 15:31:42,938 [INFO] PluginManager:220 - loadIPPluginJar : add i2s
2025-10-28 15:31:42,939 [INFO] IPUIPlugin:80 - create IPUIPlugin
2025-10-28 15:31:42,940 [INFO] PluginManager:220 - loadIPPluginJar : add opamp
2025-10-28 15:31:42,941 [INFO] IPUIPlugin:80 - create IPUIPlugin
2025-10-28 15:31:42,942 [INFO] PluginManager:220 - loadIPPluginJar : add can
2025-10-28 15:31:42,943 [INFO] IPUIPlugin:80 - create IPUIPlugin
2025-10-28 15:31:42,944 [INFO] PluginManager:220 - loadIPPluginJar : add dma3
2025-10-28 15:31:42,945 [INFO] IPUIPlugin:80 - create IPUIPlugin
2025-10-28 15:31:42,945 [INFO] PluginManager:220 - loadIPPluginJar : add i3c
2025-10-28 15:31:42,951 [INFO] IPUIPlugin:80 - create IPUIPlugin
2025-10-28 15:31:42,951 [INFO] PluginManager:220 - loadIPPluginJar : add adc
2025-10-28 15:31:42,954 [INFO] IPUIPlugin:80 - create IPUIPlugin
2025-10-28 15:31:42,955 [INFO] PluginManager:220 - loadIPPluginJar : add fmc
2025-10-28 15:31:42,959 [INFO] IPUIPlugin:80 - create IPUIPlugin
2025-10-28 15:31:42,959 [INFO] PluginManager:220 - loadIPPluginJar : add freertos
2025-10-28 15:31:42,960 [INFO] IPUIPlugin:80 - create IPUIPlugin
2025-10-28 15:31:42,961 [INFO] PluginManager:220 - loadIPPluginJar : add ts
2025-10-28 15:31:42,964 [INFO] IPUIPlugin:80 - create IPUIPlugin
2025-10-28 15:31:42,964 [INFO] PluginManager:220 - loadIPPluginJar : add nvic
2025-10-28 15:31:42,966 [INFO] IPUIPlugin:80 - create IPUIPlugin
2025-10-28 15:31:42,966 [INFO] PluginManager:220 - loadIPPluginJar : add usbx
2025-10-28 15:31:42,968 [INFO] IPUIPlugin:80 - create IPUIPlugin
2025-10-28 15:31:42,968 [INFO] PluginManager:220 - loadIPPluginJar : add ucpd
2025-10-28 15:31:42,970 [INFO] IPUIPlugin:80 - create IPUIPlugin
2025-10-28 15:31:42,970 [INFO] PluginManager:220 - loadIPPluginJar : add pdm2pcm
2025-10-28 15:31:42,974 [INFO] IPUIPlugin:80 - create IPUIPlugin
2025-10-28 15:31:42,977 [INFO] PluginManager:220 - loadIPPluginJar : add plateformsettings
2025-10-28 15:31:42,978 [INFO] IPUIPlugin:80 - create IPUIPlugin
2025-10-28 15:31:42,978 [INFO] PluginManager:220 - loadIPPluginJar : add tracer_emb
2025-10-28 15:31:42,983 [INFO] IPUIPlugin:80 - create IPUIPlugin
2025-10-28 15:31:42,983 [INFO] PluginManager:220 - loadIPPluginJar : add dma
2025-10-28 15:31:42,985 [INFO] IPUIPlugin:80 - create IPUIPlugin
2025-10-28 15:31:42,985 [INFO] PluginManager:220 - loadIPPluginJar : add hash
2025-10-28 15:31:42,986 [INFO] IPUIPlugin:80 - create IPUIPlugin
2025-10-28 15:31:42,987 [INFO] PluginManager:220 - loadIPPluginJar : add dfsdm
2025-10-28 15:31:42,988 [INFO] IPUIPlugin:80 - create IPUIPlugin
2025-10-28 15:31:42,988 [INFO] PluginManager:220 - loadIPPluginJar : add gfxmmu
2025-10-28 15:31:42,991 [INFO] IPUIPlugin:80 - create IPUIPlugin
2025-10-28 15:31:42,991 [INFO] PluginManager:220 - loadIPPluginJar : add gpio
2025-10-28 15:31:42,997 [INFO] IPUIPlugin:80 - create IPUIPlugin
2025-10-28 15:31:42,997 [INFO] PluginManager:220 - loadIPPluginJar : add linkedlist
2025-10-28 15:31:42,999 [INFO] IPUIPlugin:80 - create IPUIPlugin
2025-10-28 15:31:42,999 [INFO] PluginManager:220 - loadIPPluginJar : add cryp
2025-10-28 15:31:43,001 [INFO] IPUIPlugin:80 - create IPUIPlugin
2025-10-28 15:31:43,001 [INFO] PluginManager:220 - loadIPPluginJar : add touchsensing
2025-10-28 15:31:43,004 [INFO] IPUIPlugin:80 - create IPUIPlugin
2025-10-28 15:31:43,004 [INFO] PluginManager:220 - loadIPPluginJar : add ipddr
2025-10-28 15:31:43,007 [INFO] IPUIPlugin:80 - create IPUIPlugin
2025-10-28 15:31:43,007 [INFO] PluginManager:220 - loadIPPluginJar : add gtzc
2025-10-28 15:31:43,008 [INFO] IPUIPlugin:80 - create IPUIPlugin
2025-10-28 15:31:43,008 [INFO] PluginManager:220 - loadIPPluginJar : add tsc
2025-10-28 15:31:43,009 [INFO] IPUIPlugin:80 - create IPUIPlugin
2025-10-28 15:31:43,009 [INFO] PluginManager:220 - loadIPPluginJar : add ltdc
2025-10-28 15:31:43,010 [INFO] IPUIPlugin:80 - create IPUIPlugin
2025-10-28 15:31:43,010 [INFO] PluginManager:220 - loadIPPluginJar : add i2c
2025-10-28 15:31:43,011 [INFO] IPUIPlugin:80 - create IPUIPlugin
2025-10-28 15:31:43,012 [INFO] PluginManager:220 - loadIPPluginJar : add quadspi
2025-10-28 15:31:43,013 [INFO] IPUIPlugin:80 - create IPUIPlugin
2025-10-28 15:31:43,013 [INFO] PluginManager:220 - loadIPPluginJar : add spi
2025-10-28 15:31:43,015 [INFO] IPUIPlugin:80 - create IPUIPlugin
2025-10-28 15:31:43,015 [INFO] PluginManager:220 - loadIPPluginJar : add extmemmanager
2025-10-28 15:31:43,017 [INFO] IPUIPlugin:80 - create IPUIPlugin
2025-10-28 15:31:43,018 [INFO] PluginManager:220 - loadIPPluginJar : add sai
2025-10-28 15:31:43,019 [INFO] IPUIPlugin:80 - create IPUIPlugin
2025-10-28 15:31:43,019 [INFO] PluginManager:220 - loadIPPluginJar : add comp
2025-10-28 15:31:43,021 [INFO] IPUIPlugin:80 - create IPUIPlugin
2025-10-28 15:31:43,021 [INFO] PluginManager:220 - loadIPPluginJar : add openamp
2025-10-28 15:31:43,022 [INFO] IPUIPlugin:80 - create IPUIPlugin
2025-10-28 15:31:43,022 [INFO] PluginManager:220 - loadIPPluginJar : add fatfs
2025-10-28 15:31:43,023 [INFO] IPUIPlugin:80 - create IPUIPlugin
2025-10-28 15:31:43,023 [INFO] PluginManager:220 - loadIPPluginJar : add genericplugin
2025-10-28 15:31:43,024 [INFO] IPUIPlugin:80 - create IPUIPlugin
2025-10-28 15:31:43,024 [INFO] PluginManager:220 - loadIPPluginJar : add aes
2025-10-28 15:31:43,127 [FATAL] Updater:351 - Updater called before beeing initialized
2025-10-28 15:31:43,155 [INFO] RulesReader:64 - Compatibility file has been processed (317 Rules)
2025-10-28 15:31:43,167 [INFO] RulesReader:64 - Compatibility file has been processed (317 Rules)
2025-10-28 15:31:43,174 [INFO] CADModel:165 - CPN selected for project level
2025-10-28 15:31:43,174 [INFO] CADModel:114 - Register for checkConnection events
2025-10-28 15:31:43,174 [FATAL] Updater:351 - Updater called before beeing initialized
2025-10-28 15:31:43,174 [ERROR] CADModel:125 - Updater not yet initialized, retry later 
2025-10-28 15:31:43,275 [FATAL] Updater:351 - Updater called before beeing initialized
2025-10-28 15:31:43,277 [INFO] CADModel:165 - CPN selected for project level
2025-10-28 15:31:43,277 [INFO] CADModel:114 - Register for checkConnection events
2025-10-28 15:31:43,277 [FATAL] Updater:351 - Updater called before beeing initialized
2025-10-28 15:31:43,277 [ERROR] CADModel:125 - Updater not yet initialized, retry later 
2025-10-28 15:31:43,280 [FATAL] Updater:351 - Updater called before beeing initialized
2025-10-28 15:31:43,363 [FATAL] Updater:351 - Updater called before beeing initialized
2025-10-28 15:31:43,367 [INFO] DbMcusAds:53 - JSON generation date=Thu Oct 02 06:36:05 BRT 2025 (1759397765645)
2025-10-28 15:31:43,367 [FATAL] Updater:351 - Updater called before beeing initialized
2025-10-28 15:31:43,398 [WARN] DetailPanel:346 - Failed to get advertising image, set to default
2025-10-28 15:31:43,466 [FATAL] Updater:351 - Updater called before beeing initialized
2025-10-28 15:31:43,468 [FATAL] Updater:351 - Updater called before beeing initialized
2025-10-28 15:31:43,468 [FATAL] Updater:351 - Updater called before beeing initialized
2025-10-28 15:31:43,468 [WARN] DetailPanel:346 - Failed to get advertising image, set to default
2025-10-28 15:31:43,469 [FATAL] Updater:351 - Updater called before beeing initialized
2025-10-28 15:31:43,496 [ERROR] Updater:1198 - MainUpdater not yet initialized. External WinMGr cannot be set.
2025-10-28 15:31:43,498 [INFO] Updater:1134 - Updater Version found : 6.15.0
2025-10-28 15:31:43,510 [INFO] ApplicationProperties:184 - Using Application install path: /opt/st/stm32cubeide_1.19.0/plugins/com.st.stm32cube.common.mx_6.15.0.202507011659
2025-10-28 15:31:43,672 [INFO] MainUpdater:2872 - connection check result : 22
2025-10-28 15:31:43,673 [INFO] MainUpdater:289 - Updater Check For Update Now.
2025-10-28 15:31:43,673 [INFO] MicroXplorer:498 - Change Database Version : DB.6.0.150
2025-10-28 15:31:43,677 [INFO] McuFinderGlobals:63 - Set McuFinder mode to 2 (CubeIDE integrated)
2025-10-28 15:31:43,677 [INFO] UserAuth:487 - Internet connection configuration mode: 2
2025-10-28 15:31:43,682 [INFO] UserAuth:487 - Internet connection configuration mode: 2
2025-10-28 15:31:43,856 [INFO] CheckServerUpdateThread:120 - End of CheckServer Thread
2025-10-28 15:31:45,602 [WARN] PackLoader:240 - Cannot read IP mode file for STMicroelectronics.FP-SNS-MOTENVWB1.1.4.0
2025-10-28 15:31:45,608 [WARN] PackLoader:240 - Cannot read IP mode file for STMicroelectronics.FP-ATR-ASTRA1.2.0.2
2025-10-28 15:31:45,612 [WARN] PackLoader:240 - Cannot read IP mode file for STMicroelectronics.X-CUBE-SMBUS.2.1.0
2025-10-28 15:31:45,616 [WARN] PackLoader:240 - Cannot read IP mode file for STMicroelectronics.X-CUBE-ST60.1.0.0
2025-10-28 15:31:45,641 [WARN] PackLoader:240 - Cannot read IP mode file for STMicroelectronics.X-CUBE-AZRTOS-F7.1.1.0
2025-10-28 15:31:45,653 [WARN] PackLoader:240 - Cannot read IP mode file for STMicroelectronics.X-CUBE-DISPLAY.3.0.0
2025-10-28 15:31:45,664 [WARN] PackLoader:240 - Cannot read IP mode file for STMicroelectronics.X-CUBE-NFC10.1.0.0
2025-10-28 15:31:45,669 [WARN] PackLoader:240 - Cannot read IP mode file for STMicroelectronics.X-CUBE-ST60.1.1.0
2025-10-28 15:31:45,674 [WARN] PackLoader:240 - Cannot read IP mode file for STMicroelectronics.FP-SNS-SMARTAG2.1.2.0
2025-10-28 15:31:45,677 [WARN] PackLoader:240 - Cannot read IP mode file for STMicroelectronics.FP-SNS-FLIGHT1.5.1.0
2025-10-28 15:31:45,685 [INFO] LogOutputStream:77 - [STDOUT_REDIRECT] 1 : Invalid condition id : UX_CORESTACK_Condition cause : null
2025-10-28 15:31:45,685 [INFO] LogOutputStream:77 - [STDOUT_REDIRECT] 1 : Invalid condition id : UX_CORESTACK_Condition cause : null
2025-10-28 15:31:45,686 [INFO] LogOutputStream:77 - [STDOUT_REDIRECT] 1 : Invalid condition id : UX_CORESTACK_Condition cause : null
2025-10-28 15:31:45,686 [INFO] LogOutputStream:77 - [STDOUT_REDIRECT] 1 : Invalid condition id : UX_CORESTACK_Condition cause : null
2025-10-28 15:31:45,686 [INFO] LogOutputStream:77 - [STDOUT_REDIRECT] 1 : Invalid condition id : UX_CORESTACK_Condition cause : null
2025-10-28 15:31:45,690 [WARN] PackLoader:240 - Cannot read IP mode file for STMicroelectronics.X-CUBE-AZRTOS-WL.2.0.0
2025-10-28 15:31:45,695 [WARN] PackLoader:240 - Cannot read IP mode file for STMicroelectronics.FP-SNS-MOTENV1.5.0.0
2025-10-28 15:31:45,702 [WARN] PackLoader:240 - Cannot read IP mode file for WES.I-CUBE-Cesium.1.3.0
2025-10-28 15:31:45,706 [WARN] PackLoader:240 - Cannot read IP mode file for STMicroelectronics.X-CUBE-BLE2.3.3.0
2025-10-28 15:31:45,713 [WARN] PackLoader:240 - Cannot read IP mode file for STMicroelectronics.X-CUBE-NFC9.1.0.0
2025-10-28 15:31:45,721 [WARN] PackLoader:240 - Cannot read IP mode file for STMicroelectronics.X-CUBE-BLE1.7.1.0
2025-10-28 15:31:45,728 [WARN] PackLoader:240 - Cannot read IP mode file for STMicroelectronics.X-CUBE-ST67W61.1.1.0
2025-10-28 15:31:45,749 [WARN] PackLoader:240 - Cannot read IP mode file for STMicroelectronics.X-CUBE-AZRTOS-G0.1.1.0
2025-10-28 15:31:45,759 [WARN] PackLoader:240 - Cannot read IP mode file for STMicroelectronics.X-CUBE-SAFEA1.1.2.2
2025-10-28 15:31:45,764 [WARN] PackLoader:240 - Cannot read IP mode file for STMicroelectronics.X-CUBE-NFC4.3.0.0
2025-10-28 15:31:45,776 [WARN] PackLoader:240 - Cannot read IP mode file for EmbeddedOffice.I-CUBE-FS-RTOS.1.0.1
2025-10-28 15:31:45,782 [WARN] PackLoader:240 - Cannot read IP mode file for STMicroelectronics.X-CUBE-WB05N.2.0.0
2025-10-28 15:31:45,787 [WARN] PackLoader:240 - Cannot read IP mode file for STMicroelectronics.X-CUBE-TCPP.4.2.0
2025-10-28 15:31:45,793 [WARN] PackLoader:240 - Cannot read IP mode file for RealThread.X-CUBE-RT-Thread_Nano.4.1.1
2025-10-28 15:31:45,796 [WARN] PackLoader:240 - Cannot read IP mode file for STMicroelectronics.FP-ATR-SIGFOX1.3.2.0
2025-10-28 15:31:45,801 [WARN] PackLoader:240 - Cannot read IP mode file for STMicroelectronics.X-CUBE-ST67W61.1.0.0
2025-10-28 15:31:45,827 [WARN] PackLoader:240 - Cannot read IP mode file for SEGGER.I-CUBE-embOS.1.3.1
2025-10-28 15:31:45,878 [WARN] PackLoader:240 - Cannot read IP mode file for STMicroelectronics.X-CUBE-ALGOBUILD.1.4.0
2025-10-28 15:31:45,917 [WARN] PackLoader:240 - Cannot read IP mode file for STMicroelectronics.X-CUBE-MEMS1.11.3.0
2025-10-28 15:31:46,062 [WARN] PackLoader:240 - Cannot read IP mode file for STMicroelectronics.X-CUBE-PM33A1.1.0.0
2025-10-28 15:31:46,089 [WARN] PackLoader:240 - Cannot read IP mode file for STMicroelectronics.X-CUBE-AZRTOS-F4.1.1.0
2025-10-28 15:31:46,097 [WARN] PackLoader:240 - Cannot read IP mode file for Avnet-IotConnect.X-CUBE-IoTC-DA16k-PMOD.1.0.0
2025-10-28 15:31:46,102 [WARN] PackLoader:240 - Cannot read IP mode file for STMicroelectronics.X-CUBE-ISPU.2.1.0
2025-10-28 15:31:46,120 [WARN] PackLoader:240 - Cannot read IP mode file for STMicroelectronics.X-CUBE-IPS.3.2.0
2025-10-28 15:31:46,146 [WARN] PackLoader:240 - Cannot read IP mode file for STMicroelectronics.X-CUBE-AZRTOS-L5.2.0.0
2025-10-28 15:31:46,152 [WARN] PackLoader:240 - Cannot read IP mode file for STMicroelectronics.X-CUBE-NFC6.3.1.0
2025-10-28 15:31:46,158 [WARN] PackLoader:240 - Cannot read IP mode file for STMicroelectronics.X-CUBE-FREERTOS.1.3.1
2025-10-28 15:31:46,161 [WARN] PackLoader:240 - Cannot read IP mode file for STMicroelectronics.X-CUBE-TOUCHGFX.4.26.0
2025-10-28 15:31:46,164 [WARN] PackLoader:240 - Cannot read IP mode file for STMicroelectronics.X-CUBE-DPower.1.3.0
2025-10-28 15:31:46,177 [WARN] ConditionMgr:438 - getConditionDescription Invalid condition id : LAN8742 Phy interface Condition cause : null
2025-10-28 15:31:46,178 [WARN] PackLoader:240 - Cannot read IP mode file for STMicroelectronics.X-CUBE-AZRTOS-L4.2.0.0
2025-10-28 15:31:46,179 [WARN] ConditionMgr:1044 - genDependencies : Invalid condition id : LAN8742 Phy interface Condition cause : null
2025-10-28 15:31:46,179 [WARN] ConditionMgr:1044 - genDependencies : Invalid condition id : LAN8742 Phy interface Condition cause : null
2025-10-28 15:31:46,179 [WARN] ConditionMgr:1044 - genDependencies : Invalid condition id : LAN8742 Phy interface Condition cause : null
2025-10-28 15:31:46,185 [WARN] PackLoader:240 - Cannot read IP mode file for STMicroelectronics.X-CUBE-SFXS2LP1.4.0.0
2025-10-28 15:31:46,199 [WARN] ConditionMgr:438 - getConditionDescription Invalid condition id : UX DEVICE CLASS RTOS Condition cause : null
2025-10-28 15:31:46,200 [WARN] ConditionMgr:438 - getConditionDescription Invalid condition id : UX DEVICE CLASS RTOS Condition cause : null
2025-10-28 15:31:46,202 [WARN] PackLoader:240 - Cannot read IP mode file for STMicroelectronics.X-CUBE-AZRTOS-WB.2.0.0
2025-10-28 15:31:46,202 [WARN] ConditionMgr:1044 - genDependencies : Invalid condition id : UX DEVICE CLASS RTOS Condition cause : null
2025-10-28 15:31:46,203 [WARN] ConditionMgr:1044 - genDependencies : Invalid condition id : UX DEVICE CLASS RTOS Condition cause : null
2025-10-28 15:31:46,203 [WARN] ConditionMgr:1044 - genDependencies : Invalid condition id : UX DEVICE CLASS RTOS Condition cause : null
2025-10-28 15:31:46,203 [WARN] ConditionMgr:1044 - genDependencies : Invalid condition id : UX DEVICE CLASS RTOS Condition cause : null
2025-10-28 15:31:46,203 [WARN] ConditionMgr:1044 - genDependencies : Invalid condition id : UX DEVICE CLASS RTOS Condition cause : null
2025-10-28 15:31:46,208 [WARN] PackLoader:240 - Cannot read IP mode file for STMicroelectronics.X-CUBE-GNSS1.7.0.1
2025-10-28 15:31:46,210 [WARN] PackLoader:240 - Cannot read IP mode file for STMicroelectronics.X-CUBE-TOUCHGFX.4.25.0
2025-10-28 15:31:46,212 [WARN] ConditionMgr:438 - getConditionDescription Invalid condition id : Cortex-A Device cause : null
2025-10-28 15:31:46,220 [WARN] ConditionMgr:1044 - genDependencies : Invalid condition id : Cortex-A Device cause : null
2025-10-28 15:31:46,220 [WARN] ConditionMgr:1044 - genDependencies : Invalid condition id : Cortex-A Device cause : null
2025-10-28 15:31:46,220 [WARN] ConditionMgr:1044 - genDependencies : Invalid condition id : Cortex-A Device cause : null
2025-10-28 15:31:46,227 [WARN] PackLoader:240 - Cannot read IP mode file for STMicroelectronics.X-CUBE-SUBG2.5.0.0
2025-10-28 15:31:46,243 [WARN] PackLoader:240 - Cannot read IP mode file for STMicroelectronics.X-CUBE-AZRTOS-H7RS.1.1.0
2025-10-28 15:31:46,247 [WARN] PackLoader:240 - Cannot read IP mode file for Cesanta.I-CUBE-Mongoose.7.13.0
2025-10-28 15:31:46,258 [WARN] PackLoader:240 - Cannot read IP mode file for STMicroelectronics.X-CUBE-AZRTOS-G4.2.0.0
2025-10-28 15:31:46,262 [WARN] PackLoader:240 - Cannot read IP mode file for STMicroelectronics.X-CUBE-NFC7.2.0.0
2025-10-28 15:31:46,271 [WARN] PackLoader:240 - Cannot read IP mode file for STMicroelectronics.X-CUBE-IPS.3.1.0
2025-10-28 15:31:46,278 [WARN] PackLoader:240 - Cannot read IP mode file for STMicroelectronics.X-CUBE-ALS.1.0.2
2025-10-28 15:31:46,283 [WARN] PackLoader:240 - Cannot read IP mode file for STMicroelectronics.X-CUBE-STSE01.1.0.0
2025-10-28 15:31:46,287 [WARN] PackLoader:240 - Cannot read IP mode file for portGmbH.I-Cube-SoM-uGOAL.1.1.0
2025-10-28 15:31:46,294 [WARN] PackLoader:240 - Cannot read IP mode file for STMicroelectronics.X-CUBE-TOF1.3.4.3
2025-10-28 15:31:46,303 [INFO] ThirdParty:978 - Integrity check success = true
2025-10-28 15:31:46,303 [INFO] IntegrityCheckThread:100 - exiting critical section [integrity check]
2025-10-28 15:31:46,303 [INFO] IntegrityCheckThread:103 - End integrity checks thread
2025-10-28 15:31:47,309 [INFO] McuFinderGlobals:63 - Set McuFinder mode to 2 (CubeIDE integrated)
2025-10-28 15:31:47,313 [INFO] MainUpdater:2872 - connection check result : 22
2025-10-28 15:31:53,336 [INFO] MainUpdater:2872 - connection check result : 22
2025-10-28 15:32:00,231 [INFO] ApiDb:581 - Connected to CubeFinder SQLite database (/home/pedro-bittencourt/.stmcufinder/plugins/mcufinder/mcu/cube-finder-db.db)
2025-10-28 15:32:00,309 [INFO] ApiDb:668 - CubeFinder database Data Model version=2.1
2025-10-28 15:32:00,309 [INFO] ApiDb:669 - CubeFinder database Configuration version=3.0.39
2025-10-28 15:32:00,309 [INFO] ApiDb:670 - CubeFinder database generation date=2025-08-25 (1756130511)
2025-10-28 15:32:00,309 [INFO] ApiDb:671 - CubeFinder database FW Pack versions=[FP-ATR-ASTRA1_V2.0.0, FP-SNS-FLIGHT1_V5.1.0, FP-SNS-MOTENV1_V5.0.0, FP-SNS-MOTENVWB1_V1.4.0, FP-SNS-SMARTAG2_V1.2.0, FP-SNS-STBOX1_V2.1.0, STM32Cube_FW_C0_V1.4.0, STM32Cube_FW_F4_V1.28.3, STM32Cube_FW_F7_V1.17.4, STM32Cube_FW_G0_V1.6.2, STM32Cube_FW_G4_V1.6.1, STM32Cube_FW_H5_V1.5.0, STM32Cube_FW_H7RS_V1.2.0, STM32Cube_FW_H7_V1.12.1, STM32Cube_FW_L0_V1.12.2, STM32Cube_FW_L4_V1.18.1, STM32Cube_FW_L5_V1.5.1, STM32Cube_FW_N6_V1.2.0, STM32Cube_FW_U0_V1.3.0, STM32Cube_FW_U3_V1.2.0, STM32Cube_FW_U5_V1.8.0, STM32Cube_FW_WB0_V1.3.0, STM32Cube_FW_WBA_V1.7.0, STM32Cube_FW_WB_V1.23.0, STM32Cube_FW_WL3_V1.2.0, STM32Cube_FW_WL_V1.3.1, X-CUBE-ALGOBUILD_V1.4.0, X-CUBE-ALS_V1.0.2, X-CUBE-AZRTOS-F4_V1.1.0, X-CUBE-AZRTOS-F7_V1.1.0, X-CUBE-AZRTOS-G0_V1.1.0, X-CUBE-AZRTOS-G4_V2.0.0, X-CUBE-AZRTOS-H7RS_V1.1.0, X-CUBE-AZRTOS-H7_V3.4.0, X-CUBE-AZRTOS-L4_V2.0.0, X-CUBE-AZRTOS-L5_V2.0.0, X-CUBE-AZRTOS-WB_V2.0.0, X-CUBE-AZRTOS-WL_V2.0.0, X-CUBE-BLE1_V7.1.0, X-CUBE-BLE2_V3.3.0, X-CUBE-BLEMGR_V4.1.0, X-CUBE-EEPRMA1_V5.2.0, X-CUBE-FREERTOS_V1.3.1, X-CUBE-GNSS1_V6.0.0, X-CUBE-MEMS1_V11.3.0, X-CUBE-NFC4_V3.0.0, X-CUBE-NFC7_V2.0.0, X-CUBE-SFXS2LP1_V4.0.0, X-CUBE-ST67W61_V1.0.0, X-CUBE-SUBG2_V5.0.0, X-CUBE-TOF1_V3.4.3]
2025-10-28 15:32:02,620 [INFO] ApiDb:240 - Found 880 in-development CPN: [B-G473E-ZEST1S, B-WB1M-WPAN1, B-WBA5M-WPAN, B-WL5M-SUBG1, NUCLEO-C031C6, NUCLEO-C051C8, NUCLEO-C071RB, NUCLEO-C092RC, NUCLEO-H503RB, NUCLEO-H533RE, NUCLEO-H563ZI, NUCLEO-H7S3L8, NUCLEO-N657X0-Q, NUCLEO-U031R8, NUCLEO-U083RC, NUCLEO-U385RG-Q, NUCLEO-U545RE-Q, NUCLEO-U5A5ZJ-Q, NUCLEO-WB05KZ, NUCLEO-WB07CC, NUCLEO-WB09KE, NUCLEO-WBA52CG, NUCLEO-WBA55CG, NUCLEO-WL33CC1, NUCLEO-WL33CC2, STEVAL-PROTEUS1, STEVAL-SMARTAG2, STEVAL-STWINBX1, STM320518-EVAL, STM32C0116-DK, STM32C011D6Y3TR, STM32C011D6Y6TR, STM32C011F4P3, STM32C011F4P6, STM32C011F4U3, STM32C011F4U6TR, STM32C011F6P3, STM32C011F6P6, STM32C011F6U3, STM32C011F6U6TR, STM32C011J4M3, STM32C011J4M6, STM32C011J6M3, STM32C011J6M6, STM32C0316-DK, STM32C031C4T3, STM32C031C4T6, STM32C031C4U3, STM32C031C4U6, STM32C031C6T3, STM32C031C6T6, STM32C031C6U3, STM32C031C6U6, STM32C031F4P3, STM32C031F4P6, STM32C031F6P3, STM32C031F6P6, STM32C031G4U3, STM32C031G4U6, STM32C031G6U3, STM32C031G6U6, STM32C031K4T3, STM32C031K4T6, STM32C031K4U3, STM32C031K4U6, STM32C031K6T3, STM32C031K6T6, STM32C031K6U3, STM32C031K6U6, STM32C051C6T6, STM32C051C6U6, STM32C051C8T6, STM32C051C8U6, STM32C051D8Y6TR, STM32C051F6P6, STM32C051F8P6, STM32C051G6U6, STM32C051G8U6, STM32C051K6T6, STM32C051K6U6, STM32C051K8T6, STM32C071C8T6, STM32C071C8T6N, STM32C071C8U6, STM32C071C8U6N, STM32C071CBT6, STM32C071CBT6N, STM32C071CBU6, STM32C071CBU6N, STM32C071F8P6, STM32C071F8P6N, STM32C071FBP6, STM32C071FBP6N, STM32C071FBY6TR, STM32C071G8U6, STM32C071G8U6N, STM32C071GBU6, STM32C071GBU6N, STM32C071K8T6, STM32C071K8T6N, STM32C071K8U6, STM32C071K8U6N, STM32C071KBT6, STM32C071KBT6N, STM32C071KBU6, STM32C071KBU6N, STM32C071R8T6, STM32C071R8T6N, STM32C071RBI6N, STM32C071RBT6, STM32C071RBT6N, STM32C091CBT6, STM32C091CBU6, STM32C091CCT6, STM32C091CCU6, STM32C091ECY6TR, STM32C091FBP6, STM32C091FCP6, STM32C091GBU6, STM32C091GCU6, STM32C091KBT6, STM32C091KBU6, STM32C091KCT6, STM32C091KCU6, STM32C091RBT6, STM32C091RCI6, STM32C091RCT6, STM32C092CBT6, STM32C092CBU6, STM32C092CCT6, STM32C092CCU6, STM32C092ECY6TR, STM32C092FBP6, STM32C092FCP6, STM32C092GBU6, STM32C092GCU6, STM32C092KBT6, STM32C092KBU6, STM32C092KCT6, STM32C092KCU6, STM32C092RBT6, STM32C092RCI6, STM32C092RCT6, STM32G071K8TXN, STM32G071K8UXN, STM32G081GBU6N, STM32G081KBT6N, STM32G081KBUXN, STM32G0B1CCT6N, STM32G0B1KCT6, STM32G0B1NEY6TR, STM32G0B1RCT6N, STM32G0C1CCT6, STM32G0C1CCT6N, STM32G0C1CCU6N, STM32G0C1CET6N, STM32G0C1CEU6N, STM32G0C1KCT6, STM32G0C1NEY6TR, STM32G0C1RCI6N, STM32G0C1RCT6N, STM32G0C1REI6N, STM32G0C1RET6N, STM32G0C1VCI6, STM32G0C1VEI6, STM32G411C6T3, STM32G411C6T6, STM32G411C6U3, STM32G411C6U6, STM32G411C8T3, STM32G411C8T6, STM32G411C8U3, STM32G411C8U6, STM32G411CBT3, STM32G411CBT6, STM32G411CBU3, STM32G411CBU6, STM32G411K6T3, STM32G411K6T6, STM32G411K6U3, STM32G411K6U6, STM32G411K8T3, STM32G411K8T6, STM32G411K8U3, STM32G411K8U6, STM32G411KBT3, STM32G411KBT6, STM32G411KBU3, STM32G411KBU6, STM32G411M6T3, STM32G411M6T6, STM32G411M8T3, STM32G411M8T6, STM32G411MBT3, STM32G411MBT6, STM32G411R6T3, STM32G411R6T6, STM32G411R8T3, STM32G411R8T6, STM32G411RBT3, STM32G411RBT6, STM32G414CBT3, STM32G414CBT6, STM32G414CBU3, STM32G414CBU6, STM32G414CCT3, STM32G414CCT6, STM32G414CCU3, STM32G414CCU6, STM32G414MBT3, STM32G414MBT6, STM32G414MCT3, STM32G414MCT6, STM32G414RBT3, STM32G414RBT6, STM32G414RCT3, STM32G414RCT6, STM32G414VBT3, STM32G414VBT6, STM32G414VCT3, STM32G414VCT6, STM32G431CBT3Z, STM32G431RBT3Z, STM32G471CCT6, STM32G471CCU6, STM32G471CET3, STM32G471CET6, STM32G471CEU3, STM32G471CEU6, STM32G471MCT6, STM32G471MET3, STM32G471MET6, STM32G471MEY6TR, STM32G471QCT6, STM32G471QET3, STM32G471RCT6, STM32G471RET3, STM32G471RET6, STM32G471VCH6, STM32G471VCI6, STM32G471VCT6, STM32G471VEH3, STM32G471VEH6, STM32G471VEI3, STM32G471VEI6, STM32G471VET3, STM32G471VET6, STM32G473QET3Z, STM32G473RET3Z, STM32G474CCT6, STM32G491RET3Z, STM32H503CBT6, STM32H503CBU6, STM32H503EBY6TR, STM32H503KBU6, STM32H503RBT6, STM32H523CCT6, STM32H523CCU6, STM32H523CET6, STM32H523CEU6, STM32H523HEY6TR, STM32H523RCT6, STM32H523RET6, STM32H523VCI6, STM32H523VCT6, STM32H523VEI6, STM32H523VET6, STM32H523ZCJ6, STM32H523ZCT6, STM32H523ZEJ6, STM32H523ZET6, STM32H533CET6, STM32H533CEU6, STM32H533HEY6TR, STM32H533RET6, STM32H533VEI6, STM32H533VET6, STM32H533ZEJ6, STM32H533ZET6, STM32H562AGI6, STM32H562AII6, STM32H562IGK6, STM32H562IGT6, STM32H562IIK6, STM32H562IIT6, STM32H562RGT6, STM32H562RGV6, STM32H562RIT6, STM32H562RIV6, STM32H562VGT6, STM32H562VIT6, STM32H562ZGT6, STM32H562ZIT6, STM32H563AGI6, STM32H563AII3Q, STM32H563AII6, STM32H563IGK6, STM32H563IGT6, STM32H563IIK3Q, STM32H563IIK6, STM32H563IIT3Q, STM32H563IIT6, STM32H563MIY3QTR, STM32H563RGT6, STM32H563RGV6, STM32H563RIT6, STM32H563RIV6, STM32H563VGT6, STM32H563VIT3Q, STM32H563VIT6, STM32H563ZGT6, STM32H563ZIT3Q, STM32H563ZIT6, STM32H573AII3Q, STM32H573AII6, STM32H573I-DK, STM32H573IIK3Q, STM32H573IIK6, STM32H573IIT3Q, STM32H573IIT6, STM32H573MIY3QTR, STM32H573RIT6, STM32H573RIV6, STM32H573VIT3Q, STM32H573VIT6, STM32H573ZIT3Q, STM32H573ZIT6, STM32H7R3A8I6, STM32H7R3I8K6, STM32H7R3I8T6, STM32H7R3L8H6, STM32H7R3L8H6H, STM32H7R3R8V6, STM32H7R3V8H6, STM32H7R3V8T6, STM32H7R3V8Y6TR, STM32H7R3Z8J6, STM32H7R3Z8T6, STM32H7R7A8I6, STM32H7R7I8K6, STM32H7R7I8T6, STM32H7R7L8H6, STM32H7R7L8H6H, STM32H7R7Z8J6, STM32H7S3A8I6, STM32H7S3I8K6, STM32H7S3I8T6, STM32H7S3L8H6, STM32H7S3L8H6H, STM32H7S3R8V6, STM32H7S3V8H6, STM32H7S3V8T6, STM32H7S3V8Y6TR, STM32H7S3Z8J6, STM32H7S3Z8T6, STM32H7S78-DK, STM32H7S7A8I6, STM32H7S7I8K6, STM32H7S7I8T6, STM32H7S7L8H6, STM32H7S7L8H6H, STM32H7S7Z8J6, STM32L4R5QGI6STR, STM32MP131AAE3, STM32MP131AAF3, STM32MP131AAG3, STM32MP131CAE3, STM32MP131CAF3, STM32MP131CAG3, STM32MP131DAE7, STM32MP131DAF7, STM32MP131DAG7, STM32MP131FAE7, STM32MP131FAF7, STM32MP131FAG7, STM32MP133AAE3, STM32MP133AAF3, STM32MP133AAG3, STM32MP133CAE3, STM32MP133CAF3, STM32MP133CAG3, STM32MP133DAE7, STM32MP133DAF7, STM32MP133DAG7, STM32MP133FAE7, STM32MP133FAF7, STM32MP133FAG7, STM32MP135AAE3, STM32MP135AAF3, STM32MP135AAG3, STM32MP135CAE3, STM32MP135CAF3, STM32MP135CAG3, STM32MP135DAE7, STM32MP135DAF7, STM32MP135DAG7, STM32MP135F-DK, STM32MP135FAE7, STM32MP135FAF7, STM32MP135FAF7T, STM32MP135FAF7U, STM32MP135FAG7, STM32MP211AAL3, STM32MP211AAM3, STM32MP211AAN3, STM32MP211AAO3, STM32MP211CAL3, STM32MP211CAM3, STM32MP211CAN3, STM32MP211CAO3, STM32MP211DAL3, STM32MP211DAM3, STM32MP211DAN3, STM32MP211DAO3, STM32MP211FAL3, STM32MP211FAM3, STM32MP211FAN3, STM32MP211FAO3, STM32MP213AAL3, STM32MP213AAM3, STM32MP213AAN3, STM32MP213AAO3, STM32MP213CAL3, STM32MP213CAM3, STM32MP213CAN3, STM32MP213CAO3, STM32MP213DAL3, STM32MP213DAM3, STM32MP213DAN3, STM32MP213DAO3, STM32MP213FAL3, STM32MP213FAM3, STM32MP213FAN3, STM32MP213FAO3, STM32MP215AAL3, STM32MP215AAM3, STM32MP215AAN3, STM32MP215AAO3, STM32MP215CAL3, STM32MP215CAM3, STM32MP215CAN3, STM32MP215CAO3, STM32MP215DAL3, STM32MP215DAM3, STM32MP215DAN3, STM32MP215DAO3, STM32MP215F-DK, STM32MP215FAL3, STM32MP215FAM3, STM32MP215FAN3, STM32MP215FAO3, STM32MP231AAJ3, STM32MP231AAK3, STM32MP231AAL3, STM32MP231CAJ3, STM32MP231CAK3, STM32MP231CAL3, STM32MP231DAJ3, STM32MP231DAK3, STM32MP231DAL3, STM32MP231FAJ3, STM32MP231FAK3, STM32MP231FAL3, STM32MP233AAJ3, STM32MP233AAK3, STM32MP233AAL3, STM32MP233CAJ3, STM32MP233CAK3, STM32MP233CAL3, STM32MP233DAJ3, STM32MP233DAK3, STM32MP233DAL3, STM32MP233FAJ3, STM32MP233FAK3, STM32MP233FAL3, STM32MP235AAJ3, STM32MP235AAK3, STM32MP235AAL3, STM32MP235CAJ3, STM32MP235CAK3, STM32MP235CAL3, STM32MP235DAJ3, STM32MP235DAK3, STM32MP235DAL3, STM32MP235FAJ3, STM32MP235FAK3, STM32MP235FAL3, STM32MP251AAI3, STM32MP251AAK3, STM32MP251AAL3, STM32MP251CAI3, STM32MP251CAK3, STM32MP251CAL3, STM32MP251DAI3, STM32MP251DAK3, STM32MP251DAL3, STM32MP251FAI3, STM32MP251FAK3, STM32MP251FAL3, STM32MP253AAI3, STM32MP253AAK3, STM32MP253AAL3, STM32MP253CAI3, STM32MP253CAK3, STM32MP253CAL3, STM32MP253DAI3, STM32MP253DAK3, STM32MP253DAL3, STM32MP253FAI3, STM32MP253FAK3, STM32MP253FAL3, STM32MP255AAI3, STM32MP255AAK3, STM32MP255AAL3, STM32MP255CAI3, STM32MP255CAK3, STM32MP255CAL3, STM32MP255DAI3, STM32MP255DAK3, STM32MP255DAL3, STM32MP255FAI3, STM32MP255FAK3, STM32MP255FAL3, STM32MP257AAI3, STM32MP257AAK3, STM32MP257AAL3, STM32MP257CAI3, STM32MP257CAK3, STM32MP257CAL3, STM32MP257DAI3, STM32MP257DAK3, STM32MP257DAL3, STM32MP257F-DK, STM32MP257F-EV1, STM32MP257FAI3, STM32MP257FAK3, STM32MP257FAL3, STM32N645A0H3Q, STM32N645B0H3Q, STM32N645I0H3Q, STM32N645L0H3Q, STM32N645X0H3Q, STM32N645Z0H3Q, STM32N647A0H3Q, STM32N647B0H3Q, STM32N647I0H3Q, STM32N647L0H3Q, STM32N647X0H3Q, STM32N647Z0H3Q, STM32N655A0H3Q, STM32N655B0H3Q, STM32N655I0H3Q, STM32N655L0H3Q, STM32N655X0H3Q, STM32N655Z0H3Q, STM32N6570-DK, STM32N657A0H3Q, STM32N657B0H3Q, STM32N657I0H3Q, STM32N657L0H3Q, STM32N657X0H3Q, STM32N657Z0H3Q, STM32U031C6T6, STM32U031C6U6, STM32U031C8T6, STM32U031C8U6, STM32U031F4P6, STM32U031F6P6, STM32U031F8P6, STM32U031G6Y6TR, STM32U031G8Y6TR, STM32U031K4U6, STM32U031K6U6, STM32U031K8U6, STM32U031R6I6, STM32U031R6T6, STM32U031R8I6, STM32U031R8T6, STM32U073C8T6, STM32U073C8U6, STM32U073CBT6, STM32U073CBU6, STM32U073CCT6, STM32U073CCU6, STM32U073H8Y6TR, STM32U073HBY6TR, STM32U073HCY6TR, STM32U073K8U6, STM32U073KBU6, STM32U073KCU6, STM32U073M8I6, STM32U073M8T6, STM32U073MBI6, STM32U073MBT6, STM32U073MCI6, STM32U073MCT6, STM32U073R8I6, STM32U073R8T6, STM32U073RBI6, STM32U073RBT6, STM32U073RCI6, STM32U073RCT6, STM32U083C-DK, STM32U083CCT6, STM32U083CCU6, STM32U083HCY6TR, STM32U083KCU6, STM32U083MCI6, STM32U083MCT6, STM32U083RCI6, STM32U083RCT6, STM32U375CET6, STM32U375CET6Q, STM32U375CEU6, STM32U375CEU6Q, STM32U375CEY6QTR, STM32U375CGT6, STM32U375CGT6Q, STM32U375CGU6, STM32U375CGU6Q, STM32U375CGY6QTR, STM32U375KEU6, STM32U375KGU6, STM32U375REI6, STM32U375REI6Q, STM32U375RET6, STM32U375RET6Q, STM32U375REY6GTR, STM32U375REY6QTR, STM32U375RGI6, STM32U375RGI6Q, STM32U375RGT6, STM32U375RGT6Q, STM32U375RGY6GTR, STM32U375RGY6QTR, STM32U375VEI6, STM32U375VEI6Q, STM32U375VET6, STM32U375VET6Q, STM32U375VGI6, STM32U375VGI6Q, STM32U375VGT6, STM32U375VGT6Q, STM32U385CGT6, STM32U385CGT6Q, STM32U385CGU6, STM32U385CGU6Q, STM32U385CGY6QTR, STM32U385KGU6, STM32U385RGI6, STM32U385RGI6Q, STM32U385RGT6, STM32U385RGT6Q, STM32U385RGY6GTR, STM32U385RGY6QTR, STM32U385VGI6, STM32U385VGI6Q, STM32U385VGT6, STM32U385VGT6Q, STM32U535CBT6, STM32U535CBT6Q, STM32U535CBU6, STM32U535CBU6Q, STM32U535CCT6, STM32U535CCT6Q, STM32U535CCU6, STM32U535CCU6Q, STM32U535CET6, STM32U535CET6Q, STM32U535CEU6, STM32U535CEU6Q, STM32U535JEY6QTR, STM32U535NCY6QTR, STM32U535NEY6QTR, STM32U535RBI6, STM32U535RBI6Q, STM32U535RBT6, STM32U535RBT6Q, STM32U535RCI6, STM32U535RCI6Q, STM32U535RCT6, STM32U535RCT6Q, STM32U535REI6, STM32U535REI6Q, STM32U535RET6, STM32U535RET6Q, STM32U535VCI6, STM32U535VCI6Q, STM32U535VCT6, STM32U535VCT6Q, STM32U535VEI6, STM32U535VEI6Q, STM32U535VET6, STM32U535VET6Q, STM32U545CET6, STM32U545CET6Q, STM32U545CEU6, STM32U545CEU6Q, STM32U545JEY6QTR, STM32U545NEY6QTR, STM32U545REI6, STM32U545REI6Q, STM32U545RET6, STM32U545RET6Q, STM32U545VEI6, STM32U545VEI6Q, STM32U545VET6, STM32U545VET6Q, STM32U595AIH6, STM32U595AIH6Q, STM32U595AJH6, STM32U595AJH6Q, STM32U595QII6, STM32U595QII6Q, STM32U595QJI6, STM32U595QJI6Q, STM32U595RIT6, STM32U595RIT6Q, STM32U595RJT6, STM32U595RJT6Q, STM32U595VIT6, STM32U595VIT6Q, STM32U595VJT6, STM32U595VJT6Q, STM32U595ZIT6, STM32U595ZIT6Q, STM32U595ZIY6QTR, STM32U595ZJT6, STM32U595ZJT6Q, STM32U595ZJY6QTR, STM32U599BJY6QTR, STM32U599NIH6Q, STM32U599NJH6Q, STM32U599VIT6Q, STM32U599VJT6, STM32U599VJT6Q, STM32U599ZIT6Q, STM32U599ZIY6QTR, STM32U599ZJT6Q, STM32U599ZJY6QTR, STM32U5A5AJH6, STM32U5A5AJH6Q, STM32U5A5QII3Q , STM32U5A5QJI6, STM32U5A5QJI6Q, STM32U5A5RJT6, STM32U5A5RJT6Q, STM32U5A5VJT6, STM32U5A5VJT6Q, STM32U5A5ZJT6, STM32U5A5ZJT6Q, STM32U5A5ZJY6QTR, STM32U5A9BJY6QTR, STM32U5A9J-DK, STM32U5A9NJH6Q, STM32U5A9VJT6Q, STM32U5A9ZJT6Q, STM32U5A9ZJY6QTR, STM32U5F7VIT6, STM32U5F7VIT6Q, STM32U5F7VJT6, STM32U5F7VJT6Q, STM32U5F9BJY6QTR, STM32U5F9NJH6Q, STM32U5F9VIT6Q, STM32U5F9VJT6Q, STM32U5F9ZIJ6QTR, STM32U5F9ZIT6Q, STM32U5F9ZJJ6QTR, STM32U5F9ZJT6Q, STM32U5G7VJT6, STM32U5G7VJT6Q, STM32U5G9BJY6QTR, STM32U5G9J-DK1, STM32U5G9J-DK2, STM32U5G9NJH6Q, STM32U5G9VJT6Q, STM32U5G9ZJJ6QTR, STM32U5G9ZJT6Q, STM32WB05KZV6TR, STM32WB05KZV7TR, STM32WB05TZF6TR, STM32WB05TZF7TR, STM32WB06CCF6TR, STM32WB06CCF7TR, STM32WB06CCV6TR, STM32WB06CCV7TR, STM32WB06KCV6TR, STM32WB06KCV7TR, STM32WB07CCF6TR, STM32WB07CCF7TR, STM32WB07CCV6TR, STM32WB07CCV7TR, STM32WB07KCV6TR, STM32WB07KCV7TR, STM32WB09KEV6TR, STM32WB09KEV7TR, STM32WB09TEF6TR, STM32WB09TEF7TR, STM32WB1MMCH6, STM32WBA50KGU6, STM32WBA50KGU6TR, STM32WBA52CEU6, STM32WBA52CEU6TR, STM32WBA52CEU7, STM32WBA52CEU7TR, STM32WBA52CGU6, STM32WBA52CGU6TR, STM32WBA52CGU6U, STM32WBA52CGU7, STM32WBA52CGU7TR, STM32WBA52KEU6, STM32WBA52KEU6TR, STM32WBA52KGU6, STM32WBA52KGU6TR, STM32WBA54CEU6, STM32WBA54CEU6TR, STM32WBA54CEU7, STM32WBA54CEU7TR, STM32WBA54CGU6, STM32WBA54CGU6TR, STM32WBA54CGU7, STM32WBA54CGU7TR, STM32WBA54KEU6, STM32WBA54KEU6TR, STM32WBA54KEU7, STM32WBA54KEU7TR, STM32WBA54KGU6, STM32WBA54KGU6TR, STM32WBA54KGU7, STM32WBA54KGU7TR, STM32WBA55CEU6, STM32WBA55CEU6TR, STM32WBA55CEU7, STM32WBA55CEU7TR, STM32WBA55CGU6, STM32WBA55CGU6TR, STM32WBA55CGU6U, STM32WBA55CGU7, STM32WBA55CGU7TR, STM32WBA55G-DK1, STM32WBA55HEF6, STM32WBA55HEF7, STM32WBA55HGF6, STM32WBA55HGF7, STM32WBA55UEI6, STM32WBA55UEI6TR, STM32WBA55UEI7, STM32WBA55UEI7TR, STM32WBA55UGI6, STM32WBA55UGI6TR, STM32WBA55UGI7, STM32WBA55UGI7TR, STM32WBA5MMGH6TR, STM32WBA62MGF6, STM32WBA62MIF6, STM32WBA65MGF7, STM32WBA65MIF6, STM32WBA65MIF7, STM32WL30K8V6, STM32WL30KBV6, STM32WL31C8V6, STM32WL31CBV6, STM32WL31K8V6, STM32WL31KBV6, STM32WL33C8V6, STM32WL33C8V6X, STM32WL33CBV6, STM32WL33CBV6X, STM32WL33CCV6, STM32WL33CCV6A, STM32WL33CCV6X, STM32WL33K8V7, STM32WL33K8V7X, STM32WL33KBV7 , STM32WL33KBV7X, STM32WL33KCV7, STM32WL33KCV7X, STM32WL5MOCH6, STM32WL5MOCH6TR]
2025-10-28 15:32:02,628 [INFO] DbMcus:218 - Found 4801 MCUs, 4801 are supported
2025-10-28 15:32:02,628 [INFO] ApiDb:423 - Load user favorites file /home/pedro-bittencourt/.stm32cubeide/favorites.mcus.txt: 2 item(s)
2025-10-28 15:32:02,629 [INFO] ApiDb:427 - User favorites MCUs=[STM32F411CEU6, STM32G473VCT6]
2025-10-28 15:32:02,629 [INFO] DbMcus:224 - Set 2 / 2 favorites MCUs
2025-10-28 15:32:03,090 [INFO] ApiDb:668 - CubeFinder database Data Model version=2.1
2025-10-28 15:32:03,090 [INFO] ApiDb:669 - CubeFinder database Configuration version=3.0.39
2025-10-28 15:32:03,091 [INFO] ApiDb:670 - CubeFinder database generation date=2025-08-25 (1756130511)
2025-10-28 15:32:03,091 [INFO] ApiDb:671 - CubeFinder database FW Pack versions=[FP-ATR-ASTRA1_V2.0.0, FP-SNS-FLIGHT1_V5.1.0, FP-SNS-MOTENV1_V5.0.0, FP-SNS-MOTENVWB1_V1.4.0, FP-SNS-SMARTAG2_V1.2.0, FP-SNS-STBOX1_V2.1.0, STM32Cube_FW_C0_V1.4.0, STM32Cube_FW_F4_V1.28.3, STM32Cube_FW_F7_V1.17.4, STM32Cube_FW_G0_V1.6.2, STM32Cube_FW_G4_V1.6.1, STM32Cube_FW_H5_V1.5.0, STM32Cube_FW_H7RS_V1.2.0, STM32Cube_FW_H7_V1.12.1, STM32Cube_FW_L0_V1.12.2, STM32Cube_FW_L4_V1.18.1, STM32Cube_FW_L5_V1.5.1, STM32Cube_FW_N6_V1.2.0, STM32Cube_FW_U0_V1.3.0, STM32Cube_FW_U3_V1.2.0, STM32Cube_FW_U5_V1.8.0, STM32Cube_FW_WB0_V1.3.0, STM32Cube_FW_WBA_V1.7.0, STM32Cube_FW_WB_V1.23.0, STM32Cube_FW_WL3_V1.2.0, STM32Cube_FW_WL_V1.3.1, X-CUBE-ALGOBUILD_V1.4.0, X-CUBE-ALS_V1.0.2, X-CUBE-AZRTOS-F4_V1.1.0, X-CUBE-AZRTOS-F7_V1.1.0, X-CUBE-AZRTOS-G0_V1.1.0, X-CUBE-AZRTOS-G4_V2.0.0, X-CUBE-AZRTOS-H7RS_V1.1.0, X-CUBE-AZRTOS-H7_V3.4.0, X-CUBE-AZRTOS-L4_V2.0.0, X-CUBE-AZRTOS-L5_V2.0.0, X-CUBE-AZRTOS-WB_V2.0.0, X-CUBE-AZRTOS-WL_V2.0.0, X-CUBE-BLE1_V7.1.0, X-CUBE-BLE2_V3.3.0, X-CUBE-BLEMGR_V4.1.0, X-CUBE-EEPRMA1_V5.2.0, X-CUBE-FREERTOS_V1.3.1, X-CUBE-GNSS1_V6.0.0, X-CUBE-MEMS1_V11.3.0, X-CUBE-NFC4_V3.0.0, X-CUBE-NFC7_V2.0.0, X-CUBE-SFXS2LP1_V4.0.0, X-CUBE-ST67W61_V1.0.0, X-CUBE-SUBG2_V5.0.0, X-CUBE-TOF1_V3.4.3]
2025-10-28 15:32:03,140 [INFO] DbBoardsSqlite:226 - include board P-NUCLEO-WB55-NUCLEO as a kit item of type 'Nucleo-64'
2025-10-28 15:32:03,140 [INFO] DbBoardsSqlite:226 - include board P-NUCLEO-WB55-USBDONGLE as a kit item of type 'Nucleo USB Dongle'
2025-10-28 15:32:03,141 [INFO] DbBoardsSqlite:226 - include board STEVAL-IDP005V1 as a kit item of type 'Evaluation Board'
2025-10-28 15:32:03,141 [INFO] DbBoardsSqlite:226 - include board STEVAL-IDP005V2 as a kit item of type 'Evaluation Board'
2025-10-28 15:32:03,181 [INFO] ApiDb:240 - Found 880 in-development CPN: [B-G473E-ZEST1S, B-WB1M-WPAN1, B-WBA5M-WPAN, B-WL5M-SUBG1, NUCLEO-C031C6, NUCLEO-C051C8, NUCLEO-C071RB, NUCLEO-C092RC, NUCLEO-H503RB, NUCLEO-H533RE, NUCLEO-H563ZI, NUCLEO-H7S3L8, NUCLEO-N657X0-Q, NUCLEO-U031R8, NUCLEO-U083RC, NUCLEO-U385RG-Q, NUCLEO-U545RE-Q, NUCLEO-U5A5ZJ-Q, NUCLEO-WB05KZ, NUCLEO-WB07CC, NUCLEO-WB09KE, NUCLEO-WBA52CG, NUCLEO-WBA55CG, NUCLEO-WL33CC1, NUCLEO-WL33CC2, STEVAL-PROTEUS1, STEVAL-SMARTAG2, STEVAL-STWINBX1, STM320518-EVAL, STM32C0116-DK, STM32C011D6Y3TR, STM32C011D6Y6TR, STM32C011F4P3, STM32C011F4P6, STM32C011F4U3, STM32C011F4U6TR, STM32C011F6P3, STM32C011F6P6, STM32C011F6U3, STM32C011F6U6TR, STM32C011J4M3, STM32C011J4M6, STM32C011J6M3, STM32C011J6M6, STM32C0316-DK, STM32C031C4T3, STM32C031C4T6, STM32C031C4U3, STM32C031C4U6, STM32C031C6T3, STM32C031C6T6, STM32C031C6U3, STM32C031C6U6, STM32C031F4P3, STM32C031F4P6, STM32C031F6P3, STM32C031F6P6, STM32C031G4U3, STM32C031G4U6, STM32C031G6U3, STM32C031G6U6, STM32C031K4T3, STM32C031K4T6, STM32C031K4U3, STM32C031K4U6, STM32C031K6T3, STM32C031K6T6, STM32C031K6U3, STM32C031K6U6, STM32C051C6T6, STM32C051C6U6, STM32C051C8T6, STM32C051C8U6, STM32C051D8Y6TR, STM32C051F6P6, STM32C051F8P6, STM32C051G6U6, STM32C051G8U6, STM32C051K6T6, STM32C051K6U6, STM32C051K8T6, STM32C071C8T6, STM32C071C8T6N, STM32C071C8U6, STM32C071C8U6N, STM32C071CBT6, STM32C071CBT6N, STM32C071CBU6, STM32C071CBU6N, STM32C071F8P6, STM32C071F8P6N, STM32C071FBP6, STM32C071FBP6N, STM32C071FBY6TR, STM32C071G8U6, STM32C071G8U6N, STM32C071GBU6, STM32C071GBU6N, STM32C071K8T6, STM32C071K8T6N, STM32C071K8U6, STM32C071K8U6N, STM32C071KBT6, STM32C071KBT6N, STM32C071KBU6, STM32C071KBU6N, STM32C071R8T6, STM32C071R8T6N, STM32C071RBI6N, STM32C071RBT6, STM32C071RBT6N, STM32C091CBT6, STM32C091CBU6, STM32C091CCT6, STM32C091CCU6, STM32C091ECY6TR, STM32C091FBP6, STM32C091FCP6, STM32C091GBU6, STM32C091GCU6, STM32C091KBT6, STM32C091KBU6, STM32C091KCT6, STM32C091KCU6, STM32C091RBT6, STM32C091RCI6, STM32C091RCT6, STM32C092CBT6, STM32C092CBU6, STM32C092CCT6, STM32C092CCU6, STM32C092ECY6TR, STM32C092FBP6, STM32C092FCP6, STM32C092GBU6, STM32C092GCU6, STM32C092KBT6, STM32C092KBU6, STM32C092KCT6, STM32C092KCU6, STM32C092RBT6, STM32C092RCI6, STM32C092RCT6, STM32G071K8TXN, STM32G071K8UXN, STM32G081GBU6N, STM32G081KBT6N, STM32G081KBUXN, STM32G0B1CCT6N, STM32G0B1KCT6, STM32G0B1NEY6TR, STM32G0B1RCT6N, STM32G0C1CCT6, STM32G0C1CCT6N, STM32G0C1CCU6N, STM32G0C1CET6N, STM32G0C1CEU6N, STM32G0C1KCT6, STM32G0C1NEY6TR, STM32G0C1RCI6N, STM32G0C1RCT6N, STM32G0C1REI6N, STM32G0C1RET6N, STM32G0C1VCI6, STM32G0C1VEI6, STM32G411C6T3, STM32G411C6T6, STM32G411C6U3, STM32G411C6U6, STM32G411C8T3, STM32G411C8T6, STM32G411C8U3, STM32G411C8U6, STM32G411CBT3, STM32G411CBT6, STM32G411CBU3, STM32G411CBU6, STM32G411K6T3, STM32G411K6T6, STM32G411K6U3, STM32G411K6U6, STM32G411K8T3, STM32G411K8T6, STM32G411K8U3, STM32G411K8U6, STM32G411KBT3, STM32G411KBT6, STM32G411KBU3, STM32G411KBU6, STM32G411M6T3, STM32G411M6T6, STM32G411M8T3, STM32G411M8T6, STM32G411MBT3, STM32G411MBT6, STM32G411R6T3, STM32G411R6T6, STM32G411R8T3, STM32G411R8T6, STM32G411RBT3, STM32G411RBT6, STM32G414CBT3, STM32G414CBT6, STM32G414CBU3, STM32G414CBU6, STM32G414CCT3, STM32G414CCT6, STM32G414CCU3, STM32G414CCU6, STM32G414MBT3, STM32G414MBT6, STM32G414MCT3, STM32G414MCT6, STM32G414RBT3, STM32G414RBT6, STM32G414RCT3, STM32G414RCT6, STM32G414VBT3, STM32G414VBT6, STM32G414VCT3, STM32G414VCT6, STM32G431CBT3Z, STM32G431RBT3Z, STM32G471CCT6, STM32G471CCU6, STM32G471CET3, STM32G471CET6, STM32G471CEU3, STM32G471CEU6, STM32G471MCT6, STM32G471MET3, STM32G471MET6, STM32G471MEY6TR, STM32G471QCT6, STM32G471QET3, STM32G471RCT6, STM32G471RET3, STM32G471RET6, STM32G471VCH6, STM32G471VCI6, STM32G471VCT6, STM32G471VEH3, STM32G471VEH6, STM32G471VEI3, STM32G471VEI6, STM32G471VET3, STM32G471VET6, STM32G473QET3Z, STM32G473RET3Z, STM32G474CCT6, STM32G491RET3Z, STM32H503CBT6, STM32H503CBU6, STM32H503EBY6TR, STM32H503KBU6, STM32H503RBT6, STM32H523CCT6, STM32H523CCU6, STM32H523CET6, STM32H523CEU6, STM32H523HEY6TR, STM32H523RCT6, STM32H523RET6, STM32H523VCI6, STM32H523VCT6, STM32H523VEI6, STM32H523VET6, STM32H523ZCJ6, STM32H523ZCT6, STM32H523ZEJ6, STM32H523ZET6, STM32H533CET6, STM32H533CEU6, STM32H533HEY6TR, STM32H533RET6, STM32H533VEI6, STM32H533VET6, STM32H533ZEJ6, STM32H533ZET6, STM32H562AGI6, STM32H562AII6, STM32H562IGK6, STM32H562IGT6, STM32H562IIK6, STM32H562IIT6, STM32H562RGT6, STM32H562RGV6, STM32H562RIT6, STM32H562RIV6, STM32H562VGT6, STM32H562VIT6, STM32H562ZGT6, STM32H562ZIT6, STM32H563AGI6, STM32H563AII3Q, STM32H563AII6, STM32H563IGK6, STM32H563IGT6, STM32H563IIK3Q, STM32H563IIK6, STM32H563IIT3Q, STM32H563IIT6, STM32H563MIY3QTR, STM32H563RGT6, STM32H563RGV6, STM32H563RIT6, STM32H563RIV6, STM32H563VGT6, STM32H563VIT3Q, STM32H563VIT6, STM32H563ZGT6, STM32H563ZIT3Q, STM32H563ZIT6, STM32H573AII3Q, STM32H573AII6, STM32H573I-DK, STM32H573IIK3Q, STM32H573IIK6, STM32H573IIT3Q, STM32H573IIT6, STM32H573MIY3QTR, STM32H573RIT6, STM32H573RIV6, STM32H573VIT3Q, STM32H573VIT6, STM32H573ZIT3Q, STM32H573ZIT6, STM32H7R3A8I6, STM32H7R3I8K6, STM32H7R3I8T6, STM32H7R3L8H6, STM32H7R3L8H6H, STM32H7R3R8V6, STM32H7R3V8H6, STM32H7R3V8T6, STM32H7R3V8Y6TR, STM32H7R3Z8J6, STM32H7R3Z8T6, STM32H7R7A8I6, STM32H7R7I8K6, STM32H7R7I8T6, STM32H7R7L8H6, STM32H7R7L8H6H, STM32H7R7Z8J6, STM32H7S3A8I6, STM32H7S3I8K6, STM32H7S3I8T6, STM32H7S3L8H6, STM32H7S3L8H6H, STM32H7S3R8V6, STM32H7S3V8H6, STM32H7S3V8T6, STM32H7S3V8Y6TR, STM32H7S3Z8J6, STM32H7S3Z8T6, STM32H7S78-DK, STM32H7S7A8I6, STM32H7S7I8K6, STM32H7S7I8T6, STM32H7S7L8H6, STM32H7S7L8H6H, STM32H7S7Z8J6, STM32L4R5QGI6STR, STM32MP131AAE3, STM32MP131AAF3, STM32MP131AAG3, STM32MP131CAE3, STM32MP131CAF3, STM32MP131CAG3, STM32MP131DAE7, STM32MP131DAF7, STM32MP131DAG7, STM32MP131FAE7, STM32MP131FAF7, STM32MP131FAG7, STM32MP133AAE3, STM32MP133AAF3, STM32MP133AAG3, STM32MP133CAE3, STM32MP133CAF3, STM32MP133CAG3, STM32MP133DAE7, STM32MP133DAF7, STM32MP133DAG7, STM32MP133FAE7, STM32MP133FAF7, STM32MP133FAG7, STM32MP135AAE3, STM32MP135AAF3, STM32MP135AAG3, STM32MP135CAE3, STM32MP135CAF3, STM32MP135CAG3, STM32MP135DAE7, STM32MP135DAF7, STM32MP135DAG7, STM32MP135F-DK, STM32MP135FAE7, STM32MP135FAF7, STM32MP135FAF7T, STM32MP135FAF7U, STM32MP135FAG7, STM32MP211AAL3, STM32MP211AAM3, STM32MP211AAN3, STM32MP211AAO3, STM32MP211CAL3, STM32MP211CAM3, STM32MP211CAN3, STM32MP211CAO3, STM32MP211DAL3, STM32MP211DAM3, STM32MP211DAN3, STM32MP211DAO3, STM32MP211FAL3, STM32MP211FAM3, STM32MP211FAN3, STM32MP211FAO3, STM32MP213AAL3, STM32MP213AAM3, STM32MP213AAN3, STM32MP213AAO3, STM32MP213CAL3, STM32MP213CAM3, STM32MP213CAN3, STM32MP213CAO3, STM32MP213DAL3, STM32MP213DAM3, STM32MP213DAN3, STM32MP213DAO3, STM32MP213FAL3, STM32MP213FAM3, STM32MP213FAN3, STM32MP213FAO3, STM32MP215AAL3, STM32MP215AAM3, STM32MP215AAN3, STM32MP215AAO3, STM32MP215CAL3, STM32MP215CAM3, STM32MP215CAN3, STM32MP215CAO3, STM32MP215DAL3, STM32MP215DAM3, STM32MP215DAN3, STM32MP215DAO3, STM32MP215F-DK, STM32MP215FAL3, STM32MP215FAM3, STM32MP215FAN3, STM32MP215FAO3, STM32MP231AAJ3, STM32MP231AAK3, STM32MP231AAL3, STM32MP231CAJ3, STM32MP231CAK3, STM32MP231CAL3, STM32MP231DAJ3, STM32MP231DAK3, STM32MP231DAL3, STM32MP231FAJ3, STM32MP231FAK3, STM32MP231FAL3, STM32MP233AAJ3, STM32MP233AAK3, STM32MP233AAL3, STM32MP233CAJ3, STM32MP233CAK3, STM32MP233CAL3, STM32MP233DAJ3, STM32MP233DAK3, STM32MP233DAL3, STM32MP233FAJ3, STM32MP233FAK3, STM32MP233FAL3, STM32MP235AAJ3, STM32MP235AAK3, STM32MP235AAL3, STM32MP235CAJ3, STM32MP235CAK3, STM32MP235CAL3, STM32MP235DAJ3, STM32MP235DAK3, STM32MP235DAL3, STM32MP235FAJ3, STM32MP235FAK3, STM32MP235FAL3, STM32MP251AAI3, STM32MP251AAK3, STM32MP251AAL3, STM32MP251CAI3, STM32MP251CAK3, STM32MP251CAL3, STM32MP251DAI3, STM32MP251DAK3, STM32MP251DAL3, STM32MP251FAI3, STM32MP251FAK3, STM32MP251FAL3, STM32MP253AAI3, STM32MP253AAK3, STM32MP253AAL3, STM32MP253CAI3, STM32MP253CAK3, STM32MP253CAL3, STM32MP253DAI3, STM32MP253DAK3, STM32MP253DAL3, STM32MP253FAI3, STM32MP253FAK3, STM32MP253FAL3, STM32MP255AAI3, STM32MP255AAK3, STM32MP255AAL3, STM32MP255CAI3, STM32MP255CAK3, STM32MP255CAL3, STM32MP255DAI3, STM32MP255DAK3, STM32MP255DAL3, STM32MP255FAI3, STM32MP255FAK3, STM32MP255FAL3, STM32MP257AAI3, STM32MP257AAK3, STM32MP257AAL3, STM32MP257CAI3, STM32MP257CAK3, STM32MP257CAL3, STM32MP257DAI3, STM32MP257DAK3, STM32MP257DAL3, STM32MP257F-DK, STM32MP257F-EV1, STM32MP257FAI3, STM32MP257FAK3, STM32MP257FAL3, STM32N645A0H3Q, STM32N645B0H3Q, STM32N645I0H3Q, STM32N645L0H3Q, STM32N645X0H3Q, STM32N645Z0H3Q, STM32N647A0H3Q, STM32N647B0H3Q, STM32N647I0H3Q, STM32N647L0H3Q, STM32N647X0H3Q, STM32N647Z0H3Q, STM32N655A0H3Q, STM32N655B0H3Q, STM32N655I0H3Q, STM32N655L0H3Q, STM32N655X0H3Q, STM32N655Z0H3Q, STM32N6570-DK, STM32N657A0H3Q, STM32N657B0H3Q, STM32N657I0H3Q, STM32N657L0H3Q, STM32N657X0H3Q, STM32N657Z0H3Q, STM32U031C6T6, STM32U031C6U6, STM32U031C8T6, STM32U031C8U6, STM32U031F4P6, STM32U031F6P6, STM32U031F8P6, STM32U031G6Y6TR, STM32U031G8Y6TR, STM32U031K4U6, STM32U031K6U6, STM32U031K8U6, STM32U031R6I6, STM32U031R6T6, STM32U031R8I6, STM32U031R8T6, STM32U073C8T6, STM32U073C8U6, STM32U073CBT6, STM32U073CBU6, STM32U073CCT6, STM32U073CCU6, STM32U073H8Y6TR, STM32U073HBY6TR, STM32U073HCY6TR, STM32U073K8U6, STM32U073KBU6, STM32U073KCU6, STM32U073M8I6, STM32U073M8T6, STM32U073MBI6, STM32U073MBT6, STM32U073MCI6, STM32U073MCT6, STM32U073R8I6, STM32U073R8T6, STM32U073RBI6, STM32U073RBT6, STM32U073RCI6, STM32U073RCT6, STM32U083C-DK, STM32U083CCT6, STM32U083CCU6, STM32U083HCY6TR, STM32U083KCU6, STM32U083MCI6, STM32U083MCT6, STM32U083RCI6, STM32U083RCT6, STM32U375CET6, STM32U375CET6Q, STM32U375CEU6, STM32U375CEU6Q, STM32U375CEY6QTR, STM32U375CGT6, STM32U375CGT6Q, STM32U375CGU6, STM32U375CGU6Q, STM32U375CGY6QTR, STM32U375KEU6, STM32U375KGU6, STM32U375REI6, STM32U375REI6Q, STM32U375RET6, STM32U375RET6Q, STM32U375REY6GTR, STM32U375REY6QTR, STM32U375RGI6, STM32U375RGI6Q, STM32U375RGT6, STM32U375RGT6Q, STM32U375RGY6GTR, STM32U375RGY6QTR, STM32U375VEI6, STM32U375VEI6Q, STM32U375VET6, STM32U375VET6Q, STM32U375VGI6, STM32U375VGI6Q, STM32U375VGT6, STM32U375VGT6Q, STM32U385CGT6, STM32U385CGT6Q, STM32U385CGU6, STM32U385CGU6Q, STM32U385CGY6QTR, STM32U385KGU6, STM32U385RGI6, STM32U385RGI6Q, STM32U385RGT6, STM32U385RGT6Q, STM32U385RGY6GTR, STM32U385RGY6QTR, STM32U385VGI6, STM32U385VGI6Q, STM32U385VGT6, STM32U385VGT6Q, STM32U535CBT6, STM32U535CBT6Q, STM32U535CBU6, STM32U535CBU6Q, STM32U535CCT6, STM32U535CCT6Q, STM32U535CCU6, STM32U535CCU6Q, STM32U535CET6, STM32U535CET6Q, STM32U535CEU6, STM32U535CEU6Q, STM32U535JEY6QTR, STM32U535NCY6QTR, STM32U535NEY6QTR, STM32U535RBI6, STM32U535RBI6Q, STM32U535RBT6, STM32U535RBT6Q, STM32U535RCI6, STM32U535RCI6Q, STM32U535RCT6, STM32U535RCT6Q, STM32U535REI6, STM32U535REI6Q, STM32U535RET6, STM32U535RET6Q, STM32U535VCI6, STM32U535VCI6Q, STM32U535VCT6, STM32U535VCT6Q, STM32U535VEI6, STM32U535VEI6Q, STM32U535VET6, STM32U535VET6Q, STM32U545CET6, STM32U545CET6Q, STM32U545CEU6, STM32U545CEU6Q, STM32U545JEY6QTR, STM32U545NEY6QTR, STM32U545REI6, STM32U545REI6Q, STM32U545RET6, STM32U545RET6Q, STM32U545VEI6, STM32U545VEI6Q, STM32U545VET6, STM32U545VET6Q, STM32U595AIH6, STM32U595AIH6Q, STM32U595AJH6, STM32U595AJH6Q, STM32U595QII6, STM32U595QII6Q, STM32U595QJI6, STM32U595QJI6Q, STM32U595RIT6, STM32U595RIT6Q, STM32U595RJT6, STM32U595RJT6Q, STM32U595VIT6, STM32U595VIT6Q, STM32U595VJT6, STM32U595VJT6Q, STM32U595ZIT6, STM32U595ZIT6Q, STM32U595ZIY6QTR, STM32U595ZJT6, STM32U595ZJT6Q, STM32U595ZJY6QTR, STM32U599BJY6QTR, STM32U599NIH6Q, STM32U599NJH6Q, STM32U599VIT6Q, STM32U599VJT6, STM32U599VJT6Q, STM32U599ZIT6Q, STM32U599ZIY6QTR, STM32U599ZJT6Q, STM32U599ZJY6QTR, STM32U5A5AJH6, STM32U5A5AJH6Q, STM32U5A5QII3Q , STM32U5A5QJI6, STM32U5A5QJI6Q, STM32U5A5RJT6, STM32U5A5RJT6Q, STM32U5A5VJT6, STM32U5A5VJT6Q, STM32U5A5ZJT6, STM32U5A5ZJT6Q, STM32U5A5ZJY6QTR, STM32U5A9BJY6QTR, STM32U5A9J-DK, STM32U5A9NJH6Q, STM32U5A9VJT6Q, STM32U5A9ZJT6Q, STM32U5A9ZJY6QTR, STM32U5F7VIT6, STM32U5F7VIT6Q, STM32U5F7VJT6, STM32U5F7VJT6Q, STM32U5F9BJY6QTR, STM32U5F9NJH6Q, STM32U5F9VIT6Q, STM32U5F9VJT6Q, STM32U5F9ZIJ6QTR, STM32U5F9ZIT6Q, STM32U5F9ZJJ6QTR, STM32U5F9ZJT6Q, STM32U5G7VJT6, STM32U5G7VJT6Q, STM32U5G9BJY6QTR, STM32U5G9J-DK1, STM32U5G9J-DK2, STM32U5G9NJH6Q, STM32U5G9VJT6Q, STM32U5G9ZJJ6QTR, STM32U5G9ZJT6Q, STM32WB05KZV6TR, STM32WB05KZV7TR, STM32WB05TZF6TR, STM32WB05TZF7TR, STM32WB06CCF6TR, STM32WB06CCF7TR, STM32WB06CCV6TR, STM32WB06CCV7TR, STM32WB06KCV6TR, STM32WB06KCV7TR, STM32WB07CCF6TR, STM32WB07CCF7TR, STM32WB07CCV6TR, STM32WB07CCV7TR, STM32WB07KCV6TR, STM32WB07KCV7TR, STM32WB09KEV6TR, STM32WB09KEV7TR, STM32WB09TEF6TR, STM32WB09TEF7TR, STM32WB1MMCH6, STM32WBA50KGU6, STM32WBA50KGU6TR, STM32WBA52CEU6, STM32WBA52CEU6TR, STM32WBA52CEU7, STM32WBA52CEU7TR, STM32WBA52CGU6, STM32WBA52CGU6TR, STM32WBA52CGU6U, STM32WBA52CGU7, STM32WBA52CGU7TR, STM32WBA52KEU6, STM32WBA52KEU6TR, STM32WBA52KGU6, STM32WBA52KGU6TR, STM32WBA54CEU6, STM32WBA54CEU6TR, STM32WBA54CEU7, STM32WBA54CEU7TR, STM32WBA54CGU6, STM32WBA54CGU6TR, STM32WBA54CGU7, STM32WBA54CGU7TR, STM32WBA54KEU6, STM32WBA54KEU6TR, STM32WBA54KEU7, STM32WBA54KEU7TR, STM32WBA54KGU6, STM32WBA54KGU6TR, STM32WBA54KGU7, STM32WBA54KGU7TR, STM32WBA55CEU6, STM32WBA55CEU6TR, STM32WBA55CEU7, STM32WBA55CEU7TR, STM32WBA55CGU6, STM32WBA55CGU6TR, STM32WBA55CGU6U, STM32WBA55CGU7, STM32WBA55CGU7TR, STM32WBA55G-DK1, STM32WBA55HEF6, STM32WBA55HEF7, STM32WBA55HGF6, STM32WBA55HGF7, STM32WBA55UEI6, STM32WBA55UEI6TR, STM32WBA55UEI7, STM32WBA55UEI7TR, STM32WBA55UGI6, STM32WBA55UGI6TR, STM32WBA55UGI7, STM32WBA55UGI7TR, STM32WBA5MMGH6TR, STM32WBA62MGF6, STM32WBA62MIF6, STM32WBA65MGF7, STM32WBA65MIF6, STM32WBA65MIF7, STM32WL30K8V6, STM32WL30KBV6, STM32WL31C8V6, STM32WL31CBV6, STM32WL31K8V6, STM32WL31KBV6, STM32WL33C8V6, STM32WL33C8V6X, STM32WL33CBV6, STM32WL33CBV6X, STM32WL33CCV6, STM32WL33CCV6A, STM32WL33CCV6X, STM32WL33K8V7, STM32WL33K8V7X, STM32WL33KBV7 , STM32WL33KBV7X, STM32WL33KCV7, STM32WL33KCV7X, STM32WL5MOCH6, STM32WL5MOCH6TR]
2025-10-28 15:32:03,345 [INFO] BoardInfo:889 - No configuration file found for board P-NUCLEO-WB55
2025-10-28 15:32:03,346 [INFO] DbBoards:161 - Kit is not supported: P-NUCLEO-WB55
2025-10-28 15:32:03,350 [INFO] BoardInfo:889 - No configuration file found for board STEVAL-BFA001V1B
2025-10-28 15:32:03,350 [INFO] DbBoards:161 - Kit is not supported: STEVAL-BFA001V1B
2025-10-28 15:32:03,351 [INFO] BoardInfo:889 - No configuration file found for board STEVAL-BFA001V2B
2025-10-28 15:32:03,351 [INFO] DbBoards:161 - Kit is not supported: STEVAL-BFA001V2B
2025-10-28 15:32:03,462 [INFO] DbBoards:168 - Found 212 boards, 209 are supported
2025-10-28 15:32:03,463 [INFO] DbBoards:169 - Found 212 boards, 43 of them is supported for  Bsp
2025-10-28 15:32:03,465 [INFO] ApiDb:414 - User favorites file not found: /home/pedro-bittencourt/.stm32cubeide/favorites.boards.txt
2025-10-28 15:32:03,466 [INFO] DbBoards:198 - Set 0 / 0 favorites Boards
2025-10-28 15:32:03,466 [INFO] McuFinderGlobals:76 - Set McuFinderConnectedMode to false
2025-10-28 15:32:03,475 [INFO] MultiScanPanel:200 - Auto-refresh data requested => check proxy status ongoing
2025-10-28 15:32:03,475 [INFO] MultiScanPanel:204 - Proxy status is invalid
2025-10-28 15:32:03,477 [INFO] FinderPluginLoader:96 - Searching for filters in installed packs
2025-10-28 15:32:05,251 [INFO] DetailPanel:341 - Set advertising image to /home/pedro-bittencourt/STM32Cube/Repository//en.mcu-finder-stm32n6dk.jpg
2025-10-28 15:32:34,425 [INFO] McuResultTable:1403 - Mark MCU STM32U585CIU6 as favorite
2025-10-28 15:32:54,608 [INFO] MainUpdater:2872 - connection check result : 22
2025-10-28 15:32:54,610 [INFO] MainUpdater:2872 - connection check result : 22
2025-10-28 15:33:03,787 [INFO] MainUpdater:2872 - connection check result : 22
2025-10-28 15:33:05,823 [INFO] MicroXplorer:468 - Change Database Path : 
2025-10-28 15:33:05,823 [INFO] MicroXplorer:498 - Change Database Version : DB.6.0.150
2025-10-28 15:33:05,828 [WARN] ThirdParty:871 - waiting for thirdparty lock release [close project]
2025-10-28 15:33:05,828 [INFO] ThirdParty:873 - entering critical section [close project]
2025-10-28 15:33:05,829 [INFO] ThirdParty:883 - exiting critical section [close project]
2025-10-28 15:33:05,831 [INFO] PinOutPanel:1589 - setPackage(No Configuration,No Configuration)
2025-10-28 15:33:05,832 [INFO] UtilMem:75 - Begin LoadConfig() Used Memory: 227331464 Bytes (445644800)
2025-10-28 15:33:05,832 [INFO] MicroXplorer:468 - Change Database Path : 
2025-10-28 15:33:05,832 [INFO] MicroXplorer:498 - Change Database Version : DB.6.0.150
2025-10-28 15:33:05,833 [INFO] OpenFileManager:355 - Change cursor
2025-10-28 15:33:05,852 [INFO] Mcu:2029 - Initializing MCU STM32U585CIUx STM32U585CIUx STM32U585CIU6
2025-10-28 15:33:09,540 [INFO] Context:786 - Trying to add GPIOservice into a context  which must be forbidden
2025-10-28 15:33:09,540 [INFO] Context:786 - Trying to add GPIOservice into a context  which must be forbidden
2025-10-28 15:33:12,988 [INFO] ImportTextPane:234 - (OptionalMessage_ERROR) Unable to find key (Mcu.ThirdPartyNb) in loaded IOC file
2025-10-28 15:33:12,989 [INFO] ImportTextPane:234 - (OptionalMessage_ERROR) Unable to find key (Mcu.PinsNb) in loaded IOC file
2025-10-28 15:33:12,989 [INFO] ImportTextPane:234 - (OptionalMessage_ERROR) Pin0 (VP_RIF_VS_RIF1) cannot be retrieved for this MCU
2025-10-28 15:33:12,989 [INFO] ImportTextPane:234 - (OptionalMessage_ERROR) Unable to find key (Mcu.IPNb) in loaded IOC file
2025-10-28 15:33:13,174 [WARN] ModelIntegratedComponent:63 - No mode defined for component null
2025-10-28 15:33:13,174 [WARN] ModelIntegratedComponent:63 - No mode defined for component null
2025-10-28 15:33:13,174 [WARN] ModelIntegratedComponent:63 - No mode defined for component null
2025-10-28 15:33:13,174 [WARN] ModelIntegratedComponent:63 - No mode defined for component null
2025-10-28 15:33:13,174 [WARN] ModelIntegratedComponent:63 - No mode defined for component null
2025-10-28 15:33:13,174 [WARN] ModelIntegratedComponent:63 - No mode defined for component null
2025-10-28 15:33:13,174 [WARN] ModelIntegratedComponent:63 - No mode defined for component null
2025-10-28 15:33:13,174 [WARN] ModelIntegratedComponent:63 - No mode defined for component null
2025-10-28 15:33:13,174 [WARN] ModelIntegratedComponent:63 - No mode defined for component null
2025-10-28 15:33:13,174 [WARN] ModelIntegratedComponent:63 - No mode defined for component null
2025-10-28 15:33:13,174 [WARN] ModelIntegratedComponent:63 - No mode defined for component null
2025-10-28 15:33:13,174 [WARN] ModelIntegratedComponent:63 - No mode defined for component null
2025-10-28 15:33:13,174 [WARN] ModelIntegratedComponent:63 - No mode defined for component null
2025-10-28 15:33:13,175 [WARN] ModelIntegratedComponent:63 - No mode defined for component null
2025-10-28 15:33:13,175 [WARN] ModelIntegratedComponent:63 - No mode defined for component null
2025-10-28 15:33:13,175 [WARN] ModelIntegratedComponent:63 - No mode defined for component null
2025-10-28 15:33:13,175 [WARN] ModelIntegratedComponent:63 - No mode defined for component null
2025-10-28 15:33:13,175 [WARN] ModelIntegratedComponent:63 - No mode defined for component null
2025-10-28 15:33:13,175 [WARN] ModelIntegratedComponent:63 - No mode defined for component null
2025-10-28 15:33:13,175 [WARN] ModelIntegratedComponent:63 - No mode defined for component null
2025-10-28 15:33:13,175 [WARN] ModelIntegratedComponent:63 - No mode defined for component null
2025-10-28 15:33:13,175 [WARN] ModelIntegratedComponent:63 - No mode defined for component null
2025-10-28 15:33:13,175 [WARN] ModelIntegratedComponent:63 - No mode defined for component null
2025-10-28 15:33:13,175 [WARN] ModelIntegratedComponent:63 - No mode defined for component null
2025-10-28 15:33:13,175 [WARN] ModelIntegratedComponent:63 - No mode defined for component null
2025-10-28 15:33:13,175 [WARN] ModelIntegratedComponent:63 - No mode defined for component null
2025-10-28 15:33:13,176 [WARN] ModelIntegratedComponent:63 - No mode defined for component null
2025-10-28 15:33:13,176 [WARN] ModelIntegratedComponent:63 - No mode defined for component null
2025-10-28 15:33:13,176 [WARN] ModelIntegratedComponent:63 - No mode defined for component null
2025-10-28 15:33:13,176 [WARN] ModelIntegratedComponent:63 - No mode defined for component null
2025-10-28 15:33:13,176 [WARN] ModelIntegratedComponent:63 - No mode defined for component null
2025-10-28 15:33:13,176 [WARN] ModelIntegratedComponent:63 - No mode defined for component null
2025-10-28 15:33:13,176 [WARN] ModelIntegratedComponent:63 - No mode defined for component null
2025-10-28 15:33:13,176 [WARN] ModelIntegratedComponent:63 - No mode defined for component null
2025-10-28 15:33:13,176 [WARN] ModelIntegratedComponent:63 - No mode defined for component null
2025-10-28 15:33:13,176 [WARN] ModelPack:524 - Component already loaded: STMicroelectronics:HAL Drivers:0.0.0:STMicroelectronics:Device:STMicro_Driver:XSPI:HAL::0.0.1:HAL_XSPI
2025-10-28 15:33:13,185 [INFO] RtosManager:558 - Registered RTOS mode: class=RTOS, group=ThreadX, mode=Core, owner=THREADX
2025-10-28 15:33:13,335 [INFO] ThirdPartyModel:298 - Start build external matchings
2025-10-28 15:33:13,802 [INFO] ThirdPartyModel:316 - End build external matchings
2025-10-28 15:33:14,075 [INFO] UtilMem:75 - End LoadConfig() Used Memory: 365904520 Bytes (617611264)
2025-10-28 15:33:14,092 [WARN] ThirdParty:833 - waiting for thirdparty lock release [change project]
2025-10-28 15:33:14,093 [INFO] ThirdParty:835 - entering critical section [change project]
2025-10-28 15:33:14,093 [INFO] ThirdParty:1030 - CMSIS Pack Vendor :STMicroelectronics X-CUBE-PM33A1 1.0.0
2025-10-28 15:33:14,093 [INFO] ThirdParty:1030 - CMSIS Pack Vendor :STMicroelectronics USBPD 4.1
2025-10-28 15:33:14,093 [INFO] ThirdParty:1030 - CMSIS Pack Vendor :STMicroelectronics X-CUBE-NFC9 1.0.0
2025-10-28 15:33:14,093 [INFO] ThirdParty:1030 - CMSIS Pack Vendor :STMicroelectronics USB_HOST 2.0.0
2025-10-28 15:33:14,093 [INFO] ThirdParty:1030 - CMSIS Pack Vendor :STMicroelectronics FP-SNS-MOTENVWB1 1.4.0
2025-10-28 15:33:14,093 [INFO] ThirdParty:1030 - CMSIS Pack Vendor :STMicroelectronics X-CUBE-AZRTOS-F4 1.1.0
2025-10-28 15:33:14,093 [INFO] ThirdParty:1030 - CMSIS Pack Vendor :STMicroelectronics LIBJPEG 8.0.0
2025-10-28 15:33:14,093 [INFO] ThirdParty:1030 - CMSIS Pack Vendor :STMicroelectronics FP-ATR-ASTRA1 2.0.2
2025-10-28 15:33:14,093 [INFO] ThirdParty:1030 - CMSIS Pack Vendor :STMicroelectronics X-CUBE-BLE1 7.1.0
2025-10-28 15:33:14,093 [INFO] ThirdParty:1030 - CMSIS Pack Vendor :Avnet-IotConnect X-CUBE-IoTC-DA16k-PMOD 1.0.0
2025-10-28 15:33:14,093 [INFO] ThirdParty:1030 - CMSIS Pack Vendor :STMicroelectronics X-CUBE-SMBUS 2.1.0
2025-10-28 15:33:14,093 [INFO] ThirdParty:1030 - CMSIS Pack Vendor :STMicroelectronics USB_DEVICE 3.0.0
2025-10-28 15:33:14,093 [INFO] ThirdParty:1030 - CMSIS Pack Vendor :STMicroelectronics X-CUBE-ISPU 2.1.0
2025-10-28 15:33:14,093 [INFO] ThirdParty:1030 - CMSIS Pack Vendor :STMicroelectronics X-CUBE-IPS 3.2.0
2025-10-28 15:33:14,093 [INFO] ThirdParty:1030 - CMSIS Pack Vendor :STMicroelectronics X-CUBE-AZRTOS-WB 2.0.0
2025-10-28 15:33:14,093 [INFO] ThirdParty:1030 - CMSIS Pack Vendor :STMicroelectronics X-CUBE-ST60 1.0.0
2025-10-28 15:33:14,093 [INFO] ThirdParty:1030 - CMSIS Pack Vendor :STMicroelectronics X-CUBE-GNSS1 7.0.1
2025-10-28 15:33:14,093 [INFO] ThirdParty:1030 - CMSIS Pack Vendor :STMicroelectronics X-CUBE-AZRTOS-F7 1.1.0
2025-10-28 15:33:14,093 [INFO] ThirdParty:1030 - CMSIS Pack Vendor :STMicroelectronics X-CUBE-AZRTOS-L5 2.0.0
2025-10-28 15:33:14,093 [INFO] ThirdParty:1030 - CMSIS Pack Vendor :STMicroelectronics X-CUBE-TOUCHGFX 4.25.0
2025-10-28 15:33:14,093 [INFO] ThirdParty:1030 - CMSIS Pack Vendor :STMicroelectronics USB_DEVICE 2.0.0
2025-10-28 15:33:14,093 [INFO] ThirdParty:1030 - CMSIS Pack Vendor :STMicroelectronics X-CUBE-NFC6 3.1.0
2025-10-28 15:33:14,094 [INFO] ThirdParty:1030 - CMSIS Pack Vendor :STMicroelectronics X-CUBE-ST67W61 1.1.0
2025-10-28 15:33:14,094 [INFO] ThirdParty:1030 - CMSIS Pack Vendor :quantropi X-CUBE-qispace-sdk-base 2.1.0
2025-10-28 15:33:14,094 [INFO] ThirdParty:1030 - CMSIS Pack Vendor :STMicroelectronics FreeRTOS 0.0.1
2025-10-28 15:33:14,094 [INFO] ThirdParty:1030 - CMSIS Pack Vendor :STMicroelectronics X-CUBE-AZRTOS-G0 1.1.0
2025-10-28 15:33:14,094 [INFO] ThirdParty:1030 - CMSIS Pack Vendor :STMicroelectronics X-CUBE-SAFEA1 1.2.2
2025-10-28 15:33:14,094 [INFO] ThirdParty:1030 - CMSIS Pack Vendor :STMicroelectronics X-CUBE-NFC4 3.0.0
2025-10-28 15:33:14,094 [INFO] ThirdParty:1030 - CMSIS Pack Vendor :STMicroelectronics X-CUBE-SUBG2 5.0.0
2025-10-28 15:33:14,094 [INFO] ThirdParty:1030 - CMSIS Pack Vendor :STMicroelectronics X-CUBE-AZRTOS-H7RS 1.1.0
2025-10-28 15:33:14,094 [INFO] ThirdParty:1030 - CMSIS Pack Vendor :STMicroelectronics STM32_WPAN 1.0.0
2025-10-28 15:33:14,094 [INFO] ThirdParty:1030 - CMSIS Pack Vendor :EmbeddedOffice I-CUBE-FS-RTOS 1.0.1
2025-10-28 15:33:14,094 [INFO] ThirdParty:1030 - CMSIS Pack Vendor :STMicroelectronics lwIP 2.0.3
2025-10-28 15:33:14,094 [INFO] ThirdParty:1030 - CMSIS Pack Vendor :Cesanta I-CUBE-Mongoose 7.13.0
2025-10-28 15:33:14,094 [INFO] ThirdParty:1030 - CMSIS Pack Vendor :STMicroelectronics USB_HOST 1.0.0
2025-10-28 15:33:14,094 [INFO] ThirdParty:1030 - CMSIS Pack Vendor :STMicroelectronics X-CUBE-AZRTOS-G4 2.0.0
2025-10-28 15:33:14,094 [INFO] ThirdParty:1030 - CMSIS Pack Vendor :STMicroelectronics X-CUBE-WB05N 2.0.0
2025-10-28 15:33:14,094 [INFO] ThirdParty:1030 - CMSIS Pack Vendor :STMicroelectronics PDM2PCM 3.1.0
2025-10-28 15:33:14,094 [INFO] ThirdParty:1030 - CMSIS Pack Vendor :STMicroelectronics PDM2PCM 3.3.0
2025-10-28 15:33:14,094 [INFO] ThirdParty:1030 - CMSIS Pack Vendor :STMicroelectronics X-CUBE-DISPLAY 3.0.0
2025-10-28 15:33:14,094 [INFO] ThirdParty:1030 - CMSIS Pack Vendor :STMicroelectronics X-CUBE-NFC7 2.0.0
2025-10-28 15:33:14,094 [INFO] ThirdParty:1030 - CMSIS Pack Vendor :STMicroelectronics X-CUBE-TCPP 4.2.0
2025-10-28 15:33:14,094 [INFO] ThirdParty:1030 - CMSIS Pack Vendor :RealThread X-CUBE-RT-Thread_Nano 4.1.1
2025-10-28 15:33:14,094 [INFO] ThirdParty:1030 - CMSIS Pack Vendor :STMicroelectronics FP-ATR-SIGFOX1 3.2.0
2025-10-28 15:33:14,094 [INFO] ThirdParty:1030 - CMSIS Pack Vendor :STMicroelectronics X-CUBE-NFC10 1.0.0
2025-10-28 15:33:14,094 [INFO] ThirdParty:1030 - CMSIS Pack Vendor :STMicroelectronics X-CUBE-FREERTOS 1.3.1
2025-10-28 15:33:14,094 [INFO] ThirdParty:1030 - CMSIS Pack Vendor :STMicroelectronics HAL Drivers 0.0.0
2025-10-28 15:33:14,094 [INFO] ThirdParty:1030 - CMSIS Pack Vendor :STMicroelectronics MBEDTLS 2.16.2
2025-10-28 15:33:14,094 [INFO] ThirdParty:1030 - CMSIS Pack Vendor :STMicroelectronics X-CUBE-ST60 1.1.0
2025-10-28 15:33:14,094 [INFO] ThirdParty:1030 - CMSIS Pack Vendor :STMicroelectronics X-CUBE-IPS 3.1.0
2025-10-28 15:33:14,094 [INFO] ThirdParty:1030 - CMSIS Pack Vendor :STMicroelectronics X-CUBE-ALS 1.0.2
2025-10-28 15:33:14,095 [INFO] ThirdParty:1030 - CMSIS Pack Vendor :STMicroelectronics MBEDTLS 2.14.1
2025-10-28 15:33:14,095 [INFO] ThirdParty:1030 - CMSIS Pack Vendor :STMicroelectronics X-CUBE-TOUCHGFX 4.26.0
2025-10-28 15:33:14,095 [INFO] ThirdParty:1030 - CMSIS Pack Vendor :STMicroelectronics X-CUBE-STSE01 1.0.0
2025-10-28 15:33:14,095 [INFO] ThirdParty:1030 - CMSIS Pack Vendor :portGmbH I-Cube-SoM-uGOAL 1.1.0
2025-10-28 15:33:14,095 [INFO] ThirdParty:1030 - CMSIS Pack Vendor :STMicroelectronics X-CUBE-ST67W61 1.0.0
2025-10-28 15:33:14,095 [INFO] ThirdParty:1030 - CMSIS Pack Vendor :STMicroelectronics ThreadX 1.0.0
2025-10-28 15:33:14,095 [INFO] ThirdParty:1030 - CMSIS Pack Vendor :STMicroelectronics FP-SNS-SMARTAG2 1.2.0
2025-10-28 15:33:14,095 [INFO] ThirdParty:1030 - CMSIS Pack Vendor :STMicroelectronics FP-SNS-FLIGHT1 5.1.0
2025-10-28 15:33:14,095 [INFO] ThirdParty:1030 - CMSIS Pack Vendor :STMicroelectronics X-CUBE-AZRTOS-WL 2.0.0
2025-10-28 15:33:14,095 [INFO] ThirdParty:1030 - CMSIS Pack Vendor :SEGGER I-CUBE-embOS 1.3.1
2025-10-28 15:33:14,095 [INFO] ThirdParty:1030 - CMSIS Pack Vendor :STMicroelectronics X-CUBE-ALGOBUILD 1.4.0
2025-10-28 15:33:14,095 [INFO] ThirdParty:1030 - CMSIS Pack Vendor :STMicroelectronics X-CUBE-DPower 1.3.0
2025-10-28 15:33:14,095 [INFO] ThirdParty:1030 - CMSIS Pack Vendor :STMicroelectronics X-CUBE-MEMS1 11.3.0
2025-10-28 15:33:14,095 [INFO] ThirdParty:1030 - CMSIS Pack Vendor :STMicroelectronics FP-SNS-MOTENV1 5.0.0
2025-10-28 15:33:14,095 [INFO] ThirdParty:1030 - CMSIS Pack Vendor :STMicroelectronics USB_DEVICE 1.0.0
2025-10-28 15:33:14,095 [INFO] ThirdParty:1030 - CMSIS Pack Vendor :STMicroelectronics X-CUBE-AZRTOS-L4 2.0.0
2025-10-28 15:33:14,095 [INFO] ThirdParty:1030 - CMSIS Pack Vendor :STMicroelectronics ThreadX 0.0.2
2025-10-28 15:33:14,095 [INFO] ThirdParty:1030 - CMSIS Pack Vendor :WES I-CUBE-Cesium 1.3.0
2025-10-28 15:33:14,095 [INFO] ThirdParty:1030 - CMSIS Pack Vendor :STMicroelectronics lwIP 2.1.2
2025-10-28 15:33:14,095 [INFO] ThirdParty:1030 - CMSIS Pack Vendor :STMicroelectronics X-CUBE-SFXS2LP1 4.0.0
2025-10-28 15:33:14,095 [INFO] ThirdParty:1030 - CMSIS Pack Vendor :STMicroelectronics X-CUBE-BLE2 3.3.0
2025-10-28 15:33:14,095 [INFO] ThirdParty:1030 - CMSIS Pack Vendor :STMicroelectronics X-CUBE-TOF1 3.4.3
2025-10-28 15:33:14,095 [INFO] ThirdParty:1030 - CMSIS Pack Vendor :STMicroelectronics PDM2PCM 3.2.0
2025-10-28 15:33:14,095 [INFO] ThirdParty:841 - exiting critical section [change project]
2025-10-28 15:33:14,720 [INFO] PinOutPanel:1589 - setPackage(No Configuration,No Configuration)
2025-10-28 15:33:14,722 [INFO] PinOutPanel:1589 - setPackage(STM32U585CIUx,UFQFPN48)
2025-10-28 15:33:15,555 [INFO] UtilMem:75 - Before build in PCC Used Memory: 231314464 Bytes (617611264)
2025-10-28 15:33:16,369 [INFO] UtilMem:75 - After build in PCC Used Memory: 500798496 Bytes (617611264)
2025-10-28 15:33:16,425 [INFO] IPUIPlugin:80 - create IPUIPlugin
2025-10-28 15:33:16,426 [INFO] IPUIPlugin:80 - create IPUIPlugin
2025-10-28 15:33:16,426 [INFO] IPUIPlugin:80 - create IPUIPlugin
2025-10-28 15:33:16,426 [INFO] IPUIPlugin:80 - create IPUIPlugin
2025-10-28 15:33:16,426 [INFO] IPUIPlugin:80 - create IPUIPlugin
2025-10-28 15:33:16,427 [INFO] IPUIPlugin:80 - create IPUIPlugin
2025-10-28 15:33:16,427 [INFO] IPUIPlugin:80 - create IPUIPlugin
2025-10-28 15:33:16,427 [INFO] IPUIPlugin:80 - create IPUIPlugin
2025-10-28 15:33:16,428 [INFO] IPUIPlugin:80 - create IPUIPlugin
2025-10-28 15:33:16,428 [INFO] IPUIPlugin:80 - create IPUIPlugin
2025-10-28 15:33:16,428 [INFO] IPUIPlugin:80 - create IPUIPlugin
2025-10-28 15:33:16,429 [INFO] IPUIPlugin:80 - create IPUIPlugin
2025-10-28 15:33:16,429 [INFO] IPUIPlugin:80 - create IPUIPlugin
2025-10-28 15:33:16,429 [INFO] IPUIPlugin:80 - create IPUIPlugin
2025-10-28 15:33:16,429 [INFO] IPUIPlugin:80 - create IPUIPlugin
2025-10-28 15:33:16,430 [INFO] IPUIPlugin:80 - create IPUIPlugin
2025-10-28 15:33:16,430 [INFO] IPUIPlugin:80 - create IPUIPlugin
2025-10-28 15:33:16,430 [INFO] IPUIPlugin:80 - create IPUIPlugin
2025-10-28 15:33:16,430 [INFO] IPUIPlugin:80 - create IPUIPlugin
2025-10-28 15:33:16,430 [INFO] IPUIPlugin:80 - create IPUIPlugin
2025-10-28 15:33:16,430 [INFO] IPUIPlugin:80 - create IPUIPlugin
2025-10-28 15:33:16,430 [INFO] IPUIPlugin:80 - create IPUIPlugin
2025-10-28 15:33:16,430 [INFO] IPUIPlugin:80 - create IPUIPlugin
2025-10-28 15:33:16,431 [INFO] IPUIPlugin:80 - create IPUIPlugin
2025-10-28 15:33:16,431 [INFO] IPUIPlugin:80 - create IPUIPlugin
2025-10-28 15:33:16,431 [INFO] IPUIPlugin:80 - create IPUIPlugin
2025-10-28 15:33:16,431 [INFO] IPUIPlugin:80 - create IPUIPlugin
2025-10-28 15:33:16,431 [INFO] IPUIPlugin:80 - create IPUIPlugin
2025-10-28 15:33:16,431 [INFO] IPUIPlugin:80 - create IPUIPlugin
2025-10-28 15:33:16,432 [INFO] IPUIPlugin:80 - create IPUIPlugin
2025-10-28 15:33:16,432 [INFO] IPUIPlugin:80 - create IPUIPlugin
2025-10-28 15:33:16,432 [INFO] IPUIPlugin:80 - create IPUIPlugin
2025-10-28 15:33:16,432 [INFO] IPUIPlugin:80 - create IPUIPlugin
2025-10-28 15:33:16,432 [INFO] IPUIPlugin:80 - create IPUIPlugin
2025-10-28 15:33:16,433 [INFO] IPUIPlugin:80 - create IPUIPlugin
2025-10-28 15:33:16,433 [INFO] IPUIPlugin:80 - create IPUIPlugin
2025-10-28 15:33:16,433 [INFO] IPUIPlugin:80 - create IPUIPlugin
2025-10-28 15:33:16,433 [INFO] IPUIPlugin:80 - create IPUIPlugin
2025-10-28 15:33:16,433 [INFO] IPUIPlugin:80 - create IPUIPlugin
2025-10-28 15:33:16,434 [INFO] IPUIPlugin:80 - create IPUIPlugin
2025-10-28 15:33:16,434 [INFO] IPUIPlugin:80 - create IPUIPlugin
2025-10-28 15:33:16,435 [INFO] IPUIPlugin:80 - create IPUIPlugin
2025-10-28 15:33:16,435 [INFO] IPUIPlugin:80 - create IPUIPlugin
2025-10-28 15:33:16,435 [INFO] IPUIPlugin:80 - create IPUIPlugin
2025-10-28 15:33:16,436 [INFO] IPUIPlugin:80 - create IPUIPlugin
2025-10-28 15:33:16,436 [INFO] IPUIPlugin:80 - create IPUIPlugin
2025-10-28 15:33:16,436 [INFO] IPUIPlugin:80 - create IPUIPlugin
2025-10-28 15:33:16,436 [INFO] IPUIPlugin:80 - create IPUIPlugin
2025-10-28 15:33:16,437 [INFO] IPUIPlugin:80 - create IPUIPlugin
2025-10-28 15:33:16,437 [INFO] IPUIPlugin:80 - create IPUIPlugin
2025-10-28 15:33:16,437 [INFO] IPUIPlugin:80 - create IPUIPlugin
2025-10-28 15:33:16,437 [INFO] IPUIPlugin:80 - create IPUIPlugin
2025-10-28 15:33:16,438 [INFO] IPUIPlugin:80 - create IPUIPlugin
2025-10-28 15:33:16,438 [INFO] IPUIPlugin:80 - create IPUIPlugin
2025-10-28 15:33:16,438 [INFO] IPUIPlugin:80 - create IPUIPlugin
2025-10-28 15:33:16,438 [INFO] IPUIPlugin:80 - create IPUIPlugin
2025-10-28 15:33:16,438 [INFO] IPUIPlugin:80 - create IPUIPlugin
2025-10-28 15:33:16,439 [INFO] IPUIPlugin:80 - create IPUIPlugin
2025-10-28 15:33:16,439 [INFO] IPUIPlugin:80 - create IPUIPlugin
2025-10-28 15:33:16,439 [INFO] IPUIPlugin:80 - create IPUIPlugin
2025-10-28 15:33:16,440 [INFO] IPUIPlugin:80 - create IPUIPlugin
2025-10-28 15:33:16,440 [INFO] IPUIPlugin:80 - create IPUIPlugin
2025-10-28 15:33:16,440 [INFO] IPUIPlugin:80 - create IPUIPlugin
2025-10-28 15:33:16,440 [INFO] IPUIPlugin:80 - create IPUIPlugin
2025-10-28 15:33:16,441 [INFO] IPUIPlugin:80 - create IPUIPlugin
2025-10-28 15:33:16,441 [INFO] IPUIPlugin:80 - create IPUIPlugin
2025-10-28 15:33:16,442 [INFO] IPUIPlugin:80 - create IPUIPlugin
2025-10-28 15:33:16,442 [INFO] IPUIPlugin:80 - create IPUIPlugin
2025-10-28 15:33:16,443 [INFO] IPUIPlugin:80 - create IPUIPlugin
2025-10-28 15:33:16,443 [INFO] IPUIPlugin:80 - create IPUIPlugin
2025-10-28 15:33:16,443 [INFO] IPUIPlugin:80 - create IPUIPlugin
2025-10-28 15:33:16,444 [INFO] IPUIPlugin:80 - create IPUIPlugin
2025-10-28 15:33:16,444 [INFO] IPUIPlugin:80 - create IPUIPlugin
2025-10-28 15:33:16,444 [INFO] IPUIPlugin:80 - create IPUIPlugin
2025-10-28 15:33:16,444 [INFO] IPUIPlugin:80 - create IPUIPlugin
2025-10-28 15:33:16,445 [INFO] IPUIPlugin:80 - create IPUIPlugin
2025-10-28 15:33:16,445 [INFO] IPUIPlugin:80 - create IPUIPlugin
2025-10-28 15:33:16,445 [INFO] IPUIPlugin:80 - create IPUIPlugin
2025-10-28 15:33:16,446 [INFO] IPUIPlugin:80 - create IPUIPlugin
2025-10-28 15:33:16,446 [INFO] IPUIPlugin:80 - create IPUIPlugin
2025-10-28 15:33:16,446 [INFO] IPUIPlugin:80 - create IPUIPlugin
2025-10-28 15:33:16,446 [INFO] IPUIPlugin:80 - create IPUIPlugin
2025-10-28 15:33:16,446 [INFO] IPUIPlugin:80 - create IPUIPlugin
2025-10-28 15:33:16,446 [INFO] IPUIPlugin:80 - create IPUIPlugin
2025-10-28 15:33:16,446 [INFO] IPUIPlugin:80 - create IPUIPlugin
2025-10-28 15:33:16,446 [INFO] IPUIPlugin:80 - create IPUIPlugin
2025-10-28 15:33:16,446 [INFO] IPUIPlugin:80 - create IPUIPlugin
2025-10-28 15:33:16,446 [INFO] IPUIPlugin:80 - create IPUIPlugin
2025-10-28 15:33:16,446 [INFO] IPUIPlugin:80 - create IPUIPlugin
2025-10-28 15:33:16,446 [INFO] IPUIPlugin:80 - create IPUIPlugin
2025-10-28 15:33:16,447 [INFO] IPUIPlugin:80 - create IPUIPlugin
2025-10-28 15:33:16,447 [INFO] IPUIPlugin:80 - create IPUIPlugin
2025-10-28 15:33:16,447 [INFO] IPUIPlugin:80 - create IPUIPlugin
2025-10-28 15:33:16,447 [INFO] IPUIPlugin:80 - create IPUIPlugin
2025-10-28 15:33:16,447 [INFO] IPUIPlugin:80 - create IPUIPlugin
2025-10-28 15:33:16,447 [INFO] IPUIPlugin:80 - create IPUIPlugin
2025-10-28 15:33:16,448 [INFO] IPUIPlugin:80 - create IPUIPlugin
2025-10-28 15:33:16,466 [INFO] IPUIPlugin:80 - create IPUIPlugin
2025-10-28 15:33:16,466 [INFO] IPUIPlugin:80 - create IPUIPlugin
2025-10-28 15:33:16,467 [INFO] IPUIPlugin:80 - create IPUIPlugin
2025-10-28 15:33:16,467 [INFO] IPUIPlugin:80 - create IPUIPlugin
2025-10-28 15:33:16,468 [INFO] IPUIPlugin:80 - create IPUIPlugin
2025-10-28 15:33:16,596 [INFO] CADModel:165 - CPN selected for project levelSTM32U585CIU6
2025-10-28 15:33:16,596 [INFO] CADModel:114 - Register for checkConnection events
2025-10-28 15:33:16,636 [INFO] OpenFileManager:386 - Restore cursor
2025-10-28 15:33:17,175 [INFO] UtilMem:75 - End SaveConfig() Used Memory: 426868384 Bytes (617611264)
2025-10-28 15:33:17,190 [ERROR] ConfigurationRetriever:142 - IOException on connection: sw-center.st.com
2025-10-28 15:33:17,191 [ERROR] ConfigurationRetriever:142 - IOException on connection: sw-center.st.com
2025-10-28 15:33:17,191 [ERROR] ConfigurationRetriever:142 - IOException on connection: sw-center.st.com
2025-10-28 15:33:17,218 [WARN] Context:862 - Trying to set MEMORYMAP twice on same context CortexM33
2025-10-28 15:33:17,239 [INFO] UtilMem:75 - End SaveConfig() Used Memory: 461997728 Bytes (617611264)
2025-10-28 15:33:24,383 [INFO] BlockDiagram:2775 - set Specific Code input for plugin: PWR
2025-10-28 15:33:24,384 [INFO] BlockDiagram:2775 - set Specific Code input for plugin: RCC
2025-10-28 15:33:24,384 [INFO] BlockDiagram:2775 - set Specific Code input for plugin: MEMORYMAP
2025-10-28 15:33:24,384 [INFO] BlockDiagram:2775 - set Specific Code input for plugin: SYS
2025-10-28 15:33:24,384 [INFO] BlockDiagram:2775 - set Specific Code input for plugin: LPBAM
2025-10-28 15:33:24,384 [INFO] BlockDiagram:2775 - set Specific Code input for plugin: NVIC
2025-10-28 15:33:24,384 [INFO] BlockDiagram:2775 - set Specific Code input for plugin: LPBAMQUEUE
2025-10-28 15:33:24,388 [INFO] CodeGenerator:892 - code generatio: config db path: /opt/st/stm32cubeide_1.19.0/plugins/com.st.stm32cube.common.mx_6.15.0.202507011659//db/
2025-10-28 15:33:24,572 [INFO] CodeEngine:265 - oldGeneratedFile, /home/pedro-bittencourt/ININD2_F411_FINAL/fw_inindII_final_project/MXTmpFiles/license.tmp_save
2025-10-28 15:33:24,903 [INFO] CodeEngine:289 - Generated code: /home/pedro-bittencourt/ININD2_F411_FINAL/fw_inindII_final_project/MXTmpFiles/license.tmp
2025-10-28 15:33:24,996 [WARN] IPConfigManager:103 - WARNING: Missing Config File for MEMORYMAP ip!!
2025-10-28 15:33:24,997 [WARN] IP:2250 - DefaultDataRegion not found: check if there is a RefParameter without a condition.
2025-10-28 15:33:25,090 [INFO] CodeEngine:265 - oldGeneratedFile, /home/pedro-bittencourt/ININD2_F411_FINAL/fw_inindII_final_project/MXTmpFiles/cortex.tmp_save
2025-10-28 15:33:25,192 [INFO] CodeEngine:289 - Generated code: /home/pedro-bittencourt/ININD2_F411_FINAL/fw_inindII_final_project/MXTmpFiles/cortex.tmp
2025-10-28 15:33:25,204 [INFO] CodeEngine:265 - oldGeneratedFile, /home/pedro-bittencourt/ININD2_F411_FINAL/fw_inindII_final_project/Core/Src/stm32u5xx_it.c_save
2025-10-28 15:33:25,325 [INFO] CodeEngine:289 - Generated code: /home/pedro-bittencourt/ININD2_F411_FINAL/fw_inindII_final_project/Core/Src/stm32u5xx_it.c
2025-10-28 15:33:25,326 [INFO] CodeEngine:265 - oldGeneratedFile, /home/pedro-bittencourt/ININD2_F411_FINAL/fw_inindII_final_project/Core/Inc/stm32u5xx_it.h_save
2025-10-28 15:33:25,399 [INFO] CodeEngine:289 - Generated code: /home/pedro-bittencourt/ININD2_F411_FINAL/fw_inindII_final_project/Core/Inc/stm32u5xx_it.h
2025-10-28 15:33:25,417 [INFO] CodeEngine:265 - oldGeneratedFile, /home/pedro-bittencourt/ININD2_F411_FINAL/fw_inindII_final_project/Core/Src/stm32u5xx_hal_msp.c_save
2025-10-28 15:33:25,554 [INFO] CodeEngine:289 - Generated code: /home/pedro-bittencourt/ININD2_F411_FINAL/fw_inindII_final_project/Core/Src/stm32u5xx_hal_msp.c
2025-10-28 15:33:25,556 [INFO] CodeEngine:265 - oldGeneratedFile, /home/pedro-bittencourt/ININD2_F411_FINAL/fw_inindII_final_project/MXTmpFiles/system.tmp_save
2025-10-28 15:33:25,630 [INFO] CodeEngine:289 - Generated code: /home/pedro-bittencourt/ININD2_F411_FINAL/fw_inindII_final_project/MXTmpFiles/system.tmp
2025-10-28 15:33:25,635 [INFO] CodeEngine:321 - oldGeneratedFile, /home/pedro-bittencourt/ININD2_F411_FINAL/fw_inindII_final_project/Core/Inc/stm32u5xx_hal_conf.h_save
2025-10-28 15:33:25,721 [INFO] CodeEngine:345 - Generated code: /home/pedro-bittencourt/ININD2_F411_FINAL/fw_inindII_final_project/Core/Inc/stm32u5xx_hal_conf.h
2025-10-28 15:33:25,789 [INFO] ApiDbMcu:532 - Load IP Config File for RCC
2025-10-28 15:33:25,796 [INFO] CodeEngine:265 - oldGeneratedFile, /home/pedro-bittencourt/ININD2_F411_FINAL/fw_inindII_final_project/Core/Inc/main.h_save
2025-10-28 15:33:25,891 [INFO] CodeEngine:289 - Generated code: /home/pedro-bittencourt/ININD2_F411_FINAL/fw_inindII_final_project/Core/Inc/main.h
2025-10-28 15:33:25,893 [INFO] CodeEngine:265 - oldGeneratedFile, /home/pedro-bittencourt/ININD2_F411_FINAL/fw_inindII_final_project/Core/Src/main.c_save
2025-10-28 15:33:26,008 [INFO] CodeEngine:289 - Generated code: /home/pedro-bittencourt/ININD2_F411_FINAL/fw_inindII_final_project/Core/Src/main.c
2025-10-28 15:33:26,293 [INFO] ProjectBuilder:3606 - Time for Copy HAL[1] : 43mS.
2025-10-28 15:33:26,297 [INFO] ProjectBuilder:5216 - Project Generator version: 4.7.0-B52
2025-10-28 15:33:26,383 [INFO] ConfigFileManager:1595 - The Die is : DIE482
2025-10-28 15:33:26,391 [INFO] ApiDbMcu:532 - Load IP Config File for FILEX
2025-10-28 15:33:26,396 [INFO] ApiDbMcu:532 - Load IP Config File for LEVELX
2025-10-28 15:33:26,405 [INFO] ApiDbMcu:532 - Load IP Config File for NETXDUO
2025-10-28 15:33:26,409 [INFO] ApiDbMcu:532 - Load IP Config File for THREADX
2025-10-28 15:33:26,422 [INFO] ApiDbMcu:532 - Load IP Config File for TOUCHSENSING
2025-10-28 15:33:26,426 [INFO] ApiDbMcu:532 - Load IP Config File for USBPD
2025-10-28 15:33:26,436 [INFO] ApiDbMcu:532 - Load IP Config File for USBX
2025-10-28 15:33:26,775 [INFO] LogOutputStream:77 - [STDOUT_REDIRECT] 
2025-10-28 15:33:28,288 [INFO] ProjectBuilder:5496 - Time for Generating toolchain IDE Files: 1991mS.
2025-10-28 15:33:28,289 [INFO] ProjectBuilder:3463 - Time for Copy CMSIS : 0mS.
2025-10-28 15:33:28,289 [INFO] ProjectBuilder:3463 - Time for Copy CMSIS : 0mS.
2025-10-28 15:33:28,743 [ERROR] ConfigurationRetriever:142 - IOException on connection: sw-center.st.com
2025-10-28 15:33:28,744 [ERROR] ConfigurationRetriever:142 - IOException on connection: sw-center.st.com
2025-10-28 15:33:28,745 [ERROR] ConfigurationRetriever:142 - IOException on connection: sw-center.st.com
2025-10-28 15:33:28,840 [INFO] McuFinderGlobals:76 - Set McuFinderConnectedMode to true
2025-10-28 15:33:28,843 [INFO] ApiDb:448 - Save user favorites file /home/pedro-bittencourt/.stm32cubeide/favorites.mcus.txt: 3 item(s)
2025-10-28 15:33:28,844 [INFO] ApiDb:452 - User favorites MCUs=[STM32F411CEU6, STM32G473VCT6, STM32U585CIU6]
2025-10-28 15:33:45,445 [WARN] MainPanel:289 - <html><b><center>Warning: This peripheral has no parameters to be configured<br></b></html>
2025-10-28 15:36:56,095 [INFO] UtilMem:75 - End SaveConfig() Used Memory: 873383832 Bytes (1073741824)
2025-10-28 15:36:56,120 [ERROR] ConfigurationRetriever:142 - IOException on connection: sw-center.st.com
2025-10-28 15:36:56,121 [ERROR] ConfigurationRetriever:142 - IOException on connection: sw-center.st.com
2025-10-28 15:36:56,121 [ERROR] ConfigurationRetriever:142 - IOException on connection: sw-center.st.com
2025-10-28 15:36:56,879 [INFO] UtilMem:75 - End SaveConfig() Used Memory: 902608200 Bytes (1073741824)
2025-10-28 15:36:58,907 [INFO] UtilMem:75 - End SaveConfig() Used Memory: 327093880 Bytes (1073741824)
2025-10-28 15:36:58,918 [ERROR] ConfigurationRetriever:142 - IOException on connection: sw-center.st.com
2025-10-28 15:36:58,919 [ERROR] ConfigurationRetriever:142 - IOException on connection: sw-center.st.com
2025-10-28 15:36:58,920 [ERROR] ConfigurationRetriever:142 - IOException on connection: sw-center.st.com
2025-10-28 15:37:00,694 [INFO] BlockDiagram:2775 - set Specific Code input for plugin: PWR
2025-10-28 15:37:00,694 [INFO] BlockDiagram:2775 - set Specific Code input for plugin: RCC
2025-10-28 15:37:00,694 [INFO] BlockDiagram:2775 - set Specific Code input for plugin: MEMORYMAP
2025-10-28 15:37:00,694 [INFO] BlockDiagram:2775 - set Specific Code input for plugin: SYS
2025-10-28 15:37:00,694 [INFO] BlockDiagram:2775 - set Specific Code input for plugin: LPBAM
2025-10-28 15:37:00,694 [INFO] BlockDiagram:2775 - set Specific Code input for plugin: NVIC
2025-10-28 15:37:00,694 [INFO] BlockDiagram:2775 - set Specific Code input for plugin: DEBUG
2025-10-28 15:37:00,695 [INFO] BlockDiagram:2775 - set Specific Code input for plugin: GPIO
2025-10-28 15:37:00,695 [INFO] BlockDiagram:2775 - set Specific Code input for plugin: LPBAMQUEUE
2025-10-28 15:37:00,695 [INFO] CodeGenerator:892 - code generatio: config db path: /opt/st/stm32cubeide_1.19.0/plugins/com.st.stm32cube.common.mx_6.15.0.202507011659//db/
2025-10-28 15:37:00,828 [INFO] CodeEngine:265 - oldGeneratedFile, /home/pedro-bittencourt/ININD2_F411_FINAL/fw_inindII_final_project/MXTmpFiles/license.tmp_save
2025-10-28 15:37:01,059 [INFO] CodeEngine:289 - Generated code: /home/pedro-bittencourt/ININD2_F411_FINAL/fw_inindII_final_project/MXTmpFiles/license.tmp
2025-10-28 15:37:01,070 [INFO] CodeEngine:265 - oldGeneratedFile, /home/pedro-bittencourt/ININD2_F411_FINAL/fw_inindII_final_project/MXTmpFiles/gpio.tmp_save
2025-10-28 15:37:01,228 [INFO] CodeEngine:289 - Generated code: /home/pedro-bittencourt/ININD2_F411_FINAL/fw_inindII_final_project/MXTmpFiles/gpio.tmp
2025-10-28 15:37:01,232 [WARN] IPConfigManager:103 - WARNING: Missing Config File for DEBUG ip!!
2025-10-28 15:37:01,299 [WARN] IPConfigManager:103 - WARNING: Missing Config File for MEMORYMAP ip!!
2025-10-28 15:37:01,299 [WARN] IP:2250 - DefaultDataRegion not found: check if there is a RefParameter without a condition.
2025-10-28 15:37:01,326 [INFO] CodeEngine:265 - oldGeneratedFile, /home/pedro-bittencourt/ININD2_F411_FINAL/fw_inindII_final_project/MXTmpFiles/cortex.tmp_save
2025-10-28 15:37:01,430 [INFO] CodeEngine:289 - Generated code: /home/pedro-bittencourt/ININD2_F411_FINAL/fw_inindII_final_project/MXTmpFiles/cortex.tmp
2025-10-28 15:37:01,441 [INFO] CodeEngine:265 - oldGeneratedFile, /home/pedro-bittencourt/ININD2_F411_FINAL/fw_inindII_final_project/Core/Src/stm32u5xx_it.c_save
2025-10-28 15:37:01,544 [INFO] CodeEngine:289 - Generated code: /home/pedro-bittencourt/ININD2_F411_FINAL/fw_inindII_final_project/Core/Src/stm32u5xx_it.c
2025-10-28 15:37:01,546 [INFO] CodeEngine:265 - oldGeneratedFile, /home/pedro-bittencourt/ININD2_F411_FINAL/fw_inindII_final_project/Core/Inc/stm32u5xx_it.h_save
2025-10-28 15:37:01,625 [INFO] CodeEngine:289 - Generated code: /home/pedro-bittencourt/ININD2_F411_FINAL/fw_inindII_final_project/Core/Inc/stm32u5xx_it.h
2025-10-28 15:37:01,639 [INFO] CodeEngine:265 - oldGeneratedFile, /home/pedro-bittencourt/ININD2_F411_FINAL/fw_inindII_final_project/Core/Src/stm32u5xx_hal_msp.c_save
2025-10-28 15:37:01,732 [INFO] CodeEngine:289 - Generated code: /home/pedro-bittencourt/ININD2_F411_FINAL/fw_inindII_final_project/Core/Src/stm32u5xx_hal_msp.c
2025-10-28 15:37:01,734 [INFO] CodeEngine:265 - oldGeneratedFile, /home/pedro-bittencourt/ININD2_F411_FINAL/fw_inindII_final_project/MXTmpFiles/system.tmp_save
2025-10-28 15:37:01,792 [INFO] CodeEngine:289 - Generated code: /home/pedro-bittencourt/ININD2_F411_FINAL/fw_inindII_final_project/MXTmpFiles/system.tmp
2025-10-28 15:37:01,795 [INFO] CodeEngine:321 - oldGeneratedFile, /home/pedro-bittencourt/ININD2_F411_FINAL/fw_inindII_final_project/Core/Inc/stm32u5xx_hal_conf.h_save
2025-10-28 15:37:01,861 [INFO] CodeEngine:345 - Generated code: /home/pedro-bittencourt/ININD2_F411_FINAL/fw_inindII_final_project/Core/Inc/stm32u5xx_hal_conf.h
2025-10-28 15:37:01,883 [INFO] CodeEngine:265 - oldGeneratedFile, /home/pedro-bittencourt/ININD2_F411_FINAL/fw_inindII_final_project/Core/Inc/main.h_save
2025-10-28 15:37:01,944 [INFO] CodeEngine:289 - Generated code: /home/pedro-bittencourt/ININD2_F411_FINAL/fw_inindII_final_project/Core/Inc/main.h
2025-10-28 15:37:01,946 [INFO] CodeEngine:265 - oldGeneratedFile, /home/pedro-bittencourt/ININD2_F411_FINAL/fw_inindII_final_project/Core/Src/main.c_save
2025-10-28 15:37:02,037 [INFO] CodeEngine:289 - Generated code: /home/pedro-bittencourt/ININD2_F411_FINAL/fw_inindII_final_project/Core/Src/main.c
2025-10-28 15:37:02,225 [INFO] ProjectBuilder:3606 - Time for Copy HAL[1] : 35mS.
2025-10-28 15:37:02,227 [INFO] ProjectBuilder:5216 - Project Generator version: 4.7.0-B52
2025-10-28 15:37:02,304 [INFO] ConfigFileManager:1595 - The Die is : DIE482
2025-10-28 15:37:02,982 [INFO] ProjectBuilder:5496 - Time for Generating toolchain IDE Files: 755mS.
2025-10-28 15:37:02,983 [INFO] ProjectBuilder:3463 - Time for Copy CMSIS : 0mS.
2025-10-28 15:37:02,983 [INFO] ProjectBuilder:3463 - Time for Copy CMSIS : 0mS.
2025-10-28 15:37:02,999 [ERROR] ConfigurationRetriever:142 - IOException on connection: sw-center.st.com
2025-10-28 15:37:02,999 [ERROR] ConfigurationRetriever:142 - IOException on connection: sw-center.st.com
2025-10-28 15:37:03,000 [ERROR] ConfigurationRetriever:142 - IOException on connection: sw-center.st.com
